Log file open, 11/20/20 18:06:28
LogInit: Display: Running engine for game: UnrealCPP
LogPlatformFile: Not using cached read wrapper
LogTaskGraph: Started task graph with 5 named threads and 35 total threads with 3 sets of task threads.
LogStats: Stats thread started at 0.330075
LogD3D11RHI: Loaded GFSDK_Aftermath_Lib.x64.dll
LogICUInternationalization: ICU TimeZone Detection - Raw Offset: +1:00, Platform Override: ''
LogPluginManager: Mounting plugin Paper2D
LogPluginManager: Mounting plugin AISupport
LogPluginManager: Mounting plugin LightPropagationVolume
LogPluginManager: Mounting plugin CameraShakePreviewer
LogPluginManager: Mounting plugin ActorLayerUtilities
LogPluginManager: Mounting plugin AnimationSharing
LogPluginManager: Mounting plugin CLionSourceCodeAccess
LogPluginManager: Mounting plugin CodeLiteSourceCodeAccess
LogPluginManager: Mounting plugin GitSourceControl
LogPluginManager: Mounting plugin KDevelopSourceCodeAccess
LogPluginManager: Mounting plugin NullSourceCodeAccess
LogPluginManager: Mounting plugin PerforceSourceControl
LogPluginManager: Mounting plugin PlasticSourceControl
LogPluginManager: Mounting plugin RiderSourceCodeAccess
LogPluginManager: Mounting plugin SubversionSourceControl
LogPluginManager: Mounting plugin UObjectPlugin
LogPluginManager: Mounting plugin VisualStudioCodeSourceCodeAccess
LogPluginManager: Mounting plugin VisualStudioSourceCodeAccess
LogPluginManager: Mounting plugin XCodeSourceCodeAccess
LogPluginManager: Mounting plugin AssetManagerEditor
LogPluginManager: Mounting plugin CryptoKeys
LogPluginManager: Mounting plugin CurveEditorTools
LogPluginManager: Mounting plugin DataValidation
LogPluginManager: Mounting plugin EditorScriptingUtilities
LogPluginManager: Mounting plugin FacialAnimation
LogPluginManager: Mounting plugin GameplayTagsEditor
LogPluginManager: Mounting plugin GeometryMode
LogPluginManager: Mounting plugin MacGraphicsSwitching
LogPluginManager: Mounting plugin MaterialAnalyzer
LogPluginManager: Mounting plugin MobileLauncherProfileWizard
LogPluginManager: Mounting plugin PluginBrowser
LogPluginManager: Mounting plugin SpeedTreeImporter
LogPluginManager: Mounting plugin DatasmithContent
LogPluginManager: Mounting plugin VariantManagerContent
LogPluginManager: Mounting plugin AlembicImporter
LogPluginManager: Mounting plugin AutomationUtils
LogPluginManager: Mounting plugin BackChannel
LogPluginManager: Mounting plugin ChaosCloth
LogPluginManager: Mounting plugin ChaosClothEditor
LogPluginManager: Mounting plugin ChaosEditor
LogPluginManager: Mounting plugin ChaosNiagara
LogPluginManager: Mounting plugin ChaosSolverPlugin
LogPluginManager: Mounting plugin CharacterAI
LogPluginManager: Mounting plugin GeometryCache
LogPluginManager: Mounting plugin GeometryCollectionPlugin
LogPluginManager: Mounting plugin GeometryProcessing
LogPluginManager: Mounting plugin PlanarCut
LogPluginManager: Mounting plugin PlatformCrypto
LogPluginManager: Mounting plugin ProxyLODPlugin
LogPluginManager: Mounting plugin SkeletalReduction
LogPluginManager: Mounting plugin Niagara
LogPluginManager: Mounting plugin MagicLeap
LogPluginManager: Mounting plugin MagicLeapLightEstimation
LogPluginManager: Mounting plugin MagicLeapMedia
LogPluginManager: Mounting plugin MagicLeapPassableWorld
LogPluginManager: Mounting plugin MLSDK
LogPluginManager: Mounting plugin AndroidMedia
LogPluginManager: Mounting plugin AvfMedia
LogPluginManager: Mounting plugin ImgMedia
LogPluginManager: Mounting plugin MediaCompositing
LogPluginManager: Mounting plugin MediaPlayerEditor
LogPluginManager: Mounting plugin WebMMedia
LogPluginManager: Mounting plugin WmfMedia
LogPluginManager: Mounting plugin MeshPainting
LogPluginManager: Mounting plugin TcpMessaging
LogPluginManager: Mounting plugin UdpMessaging
LogPluginManager: Mounting plugin ActorSequence
LogPluginManager: Mounting plugin LevelSequenceEditor
LogPluginManager: Mounting plugin MatineeToLevelSequence
LogPluginManager: Mounting plugin MovieRenderPipeline
LogPluginManager: Mounting plugin TemplateSequence
LogPluginManager: Mounting plugin NetcodeUnitTest
LogPluginManager: Mounting plugin NUTUnrealEngine4
LogPluginManager: Mounting plugin OnlineSubsystemGooglePlay
LogPluginManager: Mounting plugin OnlineSubsystemIOS
LogPluginManager: Mounting plugin OnlineSubsystem
LogPluginManager: Mounting plugin OnlineSubsystemNull
LogPluginManager: Mounting plugin OnlineSubsystemUtils
LogPluginManager: Mounting plugin LauncherChunkInstaller
LogPluginManager: Mounting plugin AndroidDeviceProfileSelector
LogPluginManager: Mounting plugin AndroidMoviePlayer
LogPluginManager: Mounting plugin AndroidPermission
LogPluginManager: Mounting plugin AppleImageUtils
LogPluginManager: Mounting plugin AppleMoviePlayer
LogPluginManager: Mounting plugin ArchVisCharacter
LogPluginManager: Mounting plugin AssetTags
LogPluginManager: Mounting plugin AudioCapture
LogPluginManager: Mounting plugin CableComponent
LogPluginManager: Mounting plugin CustomMeshComponent
LogPluginManager: Mounting plugin EditableMesh
LogPluginManager: Mounting plugin ExampleDeviceProfileSelector
LogPluginManager: Mounting plugin GoogleCloudMessaging
LogPluginManager: Mounting plugin GooglePAD
LogPluginManager: Mounting plugin IOSDeviceProfileSelector
LogPluginManager: Mounting plugin LinuxDeviceProfileSelector
LogPluginManager: Mounting plugin LocationServicesBPLibrary
LogPluginManager: Mounting plugin MobilePatchingUtils
LogPluginManager: Mounting plugin OculusVR
LogPluginManager: Mounting plugin PhysXVehicles
LogPluginManager: Mounting plugin PostSplashScreen
LogPluginManager: Mounting plugin ProceduralMeshComponent
LogPluginManager: Mounting plugin RuntimePhysXCooking
LogPluginManager: Mounting plugin SignificanceManager
LogPluginManager: Mounting plugin SoundFields
LogPluginManager: Mounting plugin SteamVR
LogPluginManager: Mounting plugin Synthesis
LogPluginManager: Mounting plugin WebMMoviePlayer
LogPluginManager: Mounting plugin WindowsMoviePlayer
LogPluginManager: Mounting plugin ScreenshotTools
LogInit: Using libcurl 7.55.1-DEV
LogInit:  - built for x86_64-pc-win32
LogInit:  - supports SSL with OpenSSL/1.1.1
LogInit:  - supports HTTP deflate (compression) using libz 1.2.8
LogInit:  - other features:
LogInit:      CURL_VERSION_SSL
LogInit:      CURL_VERSION_LIBZ
LogInit:      CURL_VERSION_IPV6
LogInit:      CURL_VERSION_ASYNCHDNS
LogInit:      CURL_VERSION_LARGEFILE
LogInit:      CURL_VERSION_IDN
LogInit:  CurlRequestOptions (configurable via config and command line):
LogInit:  - bVerifyPeer = true  - Libcurl will verify peer certificate
LogInit:  - bUseHttpProxy = false  - Libcurl will NOT use HTTP proxy
LogInit:  - bDontReuseConnections = false  - Libcurl will reuse connections
LogInit:  - MaxHostConnections = 16  - Libcurl will limit the number of connections to a host
LogInit:  - LocalHostAddr = Default
LogInit:  - BufferSize = 65536
LogOnline: OSS: Creating online subsystem instance for: NULL
LogInit: WinSock: version 1.1 (2.2), MaxSocks=32767, MaxUdp=65467
LogOnline: OSS: TryLoadSubsystemAndSetDefault: Loaded subsystem for module [NULL]
LogInit: Build: ++UE4+Release-4.25-CL-14469661
LogInit: Engine Version: 4.25.4-14469661+++UE4+Release-4.25
LogInit: Compatible Engine Version: 4.25.0-13144385+++UE4+Release-4.25
LogInit: Net CL: 13144385
LogInit: OS: Windows 10 (Release 1909) (), CPU: Intel(R) Core(TM) i7-9750H CPU @ 2.60GHz, GPU: Intel(R) UHD Graphics 630
LogInit: Compiled (64-bit): Oct 11 2020 08:10:49
LogInit: Compiled with Visual C++: 19.24.28315.00
LogInit: Build Configuration: Development
LogInit: Branch Name: ++UE4+Release-4.25
LogInit: Command Line: 
LogInit: Base Directory: C:/Program Files/Epic Games/UE_4.25/Engine/Binaries/Win64/
LogInit: Allocator: TBB
LogInit: Installed Engine Build: 1
LogDevObjectVersion: Number of dev versions registered: 26
LogDevObjectVersion:   Dev-Blueprints (B0D832E4-1F89-4F0D-ACCF-7EB736FD4AA2): 10
LogDevObjectVersion:   Dev-Build (E1C64328-A22C-4D53-A36C-8E866417BD8C): 0
LogDevObjectVersion:   Dev-Core (375EC13C-06E4-48FB-B500-84F0262A717E): 4
LogDevObjectVersion:   Dev-Editor (E4B068ED-F494-42E9-A231-DA0B2E46BB41): 38
LogDevObjectVersion:   Dev-Framework (CFFC743F-43B0-4480-9391-14DF171D2073): 37
LogDevObjectVersion:   Dev-Mobile (B02B49B5-BB20-44E9-A304-32B752E40360): 2
LogDevObjectVersion:   Dev-Networking (A4E4105C-59A1-49B5-A7C5-40C4547EDFEE): 0
LogDevObjectVersion:   Dev-Online (39C831C9-5AE6-47DC-9A44-9C173E1C8E7C): 0
LogDevObjectVersion:   Dev-Physics (78F01B33-EBEA-4F98-B9B4-84EACCB95AA2): 4
LogDevObjectVersion:   Dev-Platform (6631380F-2D4D-43E0-8009-CF276956A95A): 0
LogDevObjectVersion:   Dev-Rendering (12F88B9F-8875-4AFC-A67C-D90C383ABD29): 43
LogDevObjectVersion:   Dev-Sequencer (7B5AE74C-D270-4C10-A958-57980B212A5A): 12
LogDevObjectVersion:   Dev-VR (D7296918-1DD6-4BDD-9DE2-64A83CC13884): 3
LogDevObjectVersion:   Dev-LoadTimes (C2A15278-BFE7-4AFE-6C17-90FF531DF755): 1
LogDevObjectVersion:   Private-Geometry (6EACA3D4-40EC-4CC1-B786-8BED09428FC5): 3
LogDevObjectVersion:   Dev-AnimPhys (29E575DD-E0A3-4627-9D10-D276232CDCEA): 17
LogDevObjectVersion:   Dev-Anim (AF43A65D-7FD3-4947-9873-3E8ED9C1BB05): 7
LogDevObjectVersion:   Dev-ReflectionCapture (6B266CEC-1EC7-4B8F-A30B-E4D90942FC07): 1
LogDevObjectVersion:   Dev-Automation (0DF73D61-A23F-47EA-B727-89E90C41499A): 1
LogDevObjectVersion:   FortniteMain (601D1886-AC64-4F84-AA16-D3DE0DEAC7D6): 31
LogDevObjectVersion:   Dev-Enterprise (9DFFBCD6-494F-0158-E221-12823C92A888): 10
LogDevObjectVersion:   Dev-Niagara (F2AED0AC-9AFE-416F-8664-AA7FFA26D6FC): 1
LogDevObjectVersion:   Dev-Destruction (174F1F0B-B4C6-45A5-B13F-2EE8D0FB917D): 10
LogDevObjectVersion:   Dev-Physics-Ext (35F94A83-E258-406C-A318-09F59610247C): 37
LogDevObjectVersion:   Dev-PhysicsMaterial-Chaos (B68FC16E-8B1B-42E2-B453-215C058844FE): 1
LogDevObjectVersion:   Dev-CineCamera (B2E18506-4273-CFC2-A54E-F4BB758BBA07): 1
LogInit: Presizing for max 25165824 objects, including 0 objects not considered by GC, pre-allocating 0 bytes for permanent pool.
LogConfig: Applying CVar settings from Section [/Script/Engine.StreamingSettings] File [D:/IIM/4 Annee/Unreal/UnrealCPP/UnrealCPP/Saved/Config/Windows/Engine.ini]
LogConfig: Setting CVar [[s.MinBulkDataSizeForAsyncLoading:131072]]
LogConfig: Setting CVar [[s.AsyncLoadingThreadEnabled:0]]
LogConfig: Setting CVar [[s.EventDrivenLoaderEnabled:1]]
LogConfig: Setting CVar [[s.WarnIfTimeLimitExceeded:0]]
LogConfig: Setting CVar [[s.TimeLimitExceededMultiplier:1.5]]
LogConfig: Setting CVar [[s.TimeLimitExceededMinTime:0.005]]
LogConfig: Setting CVar [[s.UseBackgroundLevelStreaming:1]]
LogConfig: Setting CVar [[s.PriorityAsyncLoadingExtraTime:15.0]]
LogConfig: Setting CVar [[s.LevelStreamingActorsUpdateTimeLimit:5.0]]
LogConfig: Setting CVar [[s.PriorityLevelStreamingActorsUpdateExtraTime:5.0]]
LogConfig: Setting CVar [[s.LevelStreamingComponentsRegistrationGranularity:10]]
LogConfig: Setting CVar [[s.UnregisterComponentsTimeLimit:1.0]]
LogConfig: Setting CVar [[s.LevelStreamingComponentsUnregistrationGranularity:5]]
LogConfig: Setting CVar [[s.FlushStreamingOnExit:1]]
LogInit: Object subsystem initialized
LogConfig: Setting CVar [[con.DebugEarlyDefault:1]]
LogConfig: Setting CVar [[r.setres:1280x720]]
[2020.11.20-17.06.28:769][  0]LogConfig: Setting CVar [[r.VSync:0]]
[2020.11.20-17.06.28:769][  0]LogConfig: Setting CVar [[r.RHICmdBypass:0]]
[2020.11.20-17.06.28:769][  0]LogConfig: Applying CVar settings from Section [/Script/Engine.RendererSettings] File [D:/IIM/4 Annee/Unreal/UnrealCPP/UnrealCPP/Saved/Config/Windows/Engine.ini]
[2020.11.20-17.06.28:769][  0]LogConfig: Setting CVar [[r.GPUCrashDebugging:0]]
[2020.11.20-17.06.28:769][  0]LogConfig: Setting CVar [[r.EarlyZPass:2]]
[2020.11.20-17.06.28:770][  0]LogConfig: Applying CVar settings from Section [/Script/Engine.RendererOverrideSettings] File [D:/IIM/4 Annee/Unreal/UnrealCPP/UnrealCPP/Saved/Config/Windows/Engine.ini]
[2020.11.20-17.06.28:770][  0]LogConfig: Applying CVar settings from Section [/Script/Engine.StreamingSettings] File [D:/IIM/4 Annee/Unreal/UnrealCPP/UnrealCPP/Saved/Config/Windows/Engine.ini]
[2020.11.20-17.06.28:770][  0]LogConfig: Setting CVar [[s.MinBulkDataSizeForAsyncLoading:131072]]
[2020.11.20-17.06.28:770][  0]LogConfig: Setting CVar [[s.AsyncLoadingThreadEnabled:0]]
[2020.11.20-17.06.28:770][  0]LogConfig: Setting CVar [[s.EventDrivenLoaderEnabled:1]]
[2020.11.20-17.06.28:770][  0]LogConfig: Setting CVar [[s.WarnIfTimeLimitExceeded:0]]
[2020.11.20-17.06.28:770][  0]LogConfig: Setting CVar [[s.TimeLimitExceededMultiplier:1.5]]
[2020.11.20-17.06.28:770][  0]LogConfig: Setting CVar [[s.TimeLimitExceededMinTime:0.005]]
[2020.11.20-17.06.28:770][  0]LogConfig: Setting CVar [[s.UseBackgroundLevelStreaming:1]]
[2020.11.20-17.06.28:770][  0]LogConfig: Setting CVar [[s.PriorityAsyncLoadingExtraTime:15.0]]
[2020.11.20-17.06.28:770][  0]LogConfig: Setting CVar [[s.LevelStreamingActorsUpdateTimeLimit:5.0]]
[2020.11.20-17.06.28:770][  0]LogConfig: Setting CVar [[s.PriorityLevelStreamingActorsUpdateExtraTime:5.0]]
[2020.11.20-17.06.28:770][  0]LogConfig: Setting CVar [[s.LevelStreamingComponentsRegistrationGranularity:10]]
[2020.11.20-17.06.28:770][  0]LogConfig: Setting CVar [[s.UnregisterComponentsTimeLimit:1.0]]
[2020.11.20-17.06.28:770][  0]LogConfig: Setting CVar [[s.LevelStreamingComponentsUnregistrationGranularity:5]]
[2020.11.20-17.06.28:770][  0]LogConfig: Setting CVar [[s.FlushStreamingOnExit:1]]
[2020.11.20-17.06.28:770][  0]LogConfig: Applying CVar settings from Section [/Script/Engine.GarbageCollectionSettings] File [D:/IIM/4 Annee/Unreal/UnrealCPP/UnrealCPP/Saved/Config/Windows/Engine.ini]
[2020.11.20-17.06.28:770][  0]LogConfig: Setting CVar [[gc.MaxObjectsNotConsideredByGC:1]]
[2020.11.20-17.06.28:770][  0]LogConfig: Setting CVar [[gc.SizeOfPermanentObjectPool:0]]
[2020.11.20-17.06.28:770][  0]LogConfig: Setting CVar [[gc.FlushStreamingOnGC:0]]
[2020.11.20-17.06.28:770][  0]LogConfig: Setting CVar [[gc.NumRetriesBeforeForcingGC:10]]
[2020.11.20-17.06.28:770][  0]LogConfig: Setting CVar [[gc.AllowParallelGC:1]]
[2020.11.20-17.06.28:770][  0]LogConfig: Setting CVar [[gc.TimeBetweenPurgingPendingKillObjects:61.1]]
[2020.11.20-17.06.28:770][  0]LogConfig: Setting CVar [[gc.MaxObjectsInEditor:25165824]]
[2020.11.20-17.06.28:770][  0]LogConfig: Setting CVar [[gc.IncrementalBeginDestroyEnabled:1]]
[2020.11.20-17.06.28:770][  0]LogConfig: Setting CVar [[gc.CreateGCClusters:1]]
[2020.11.20-17.06.28:770][  0]LogConfig: Setting CVar [[gc.MinGCClusterSize:5]]
[2020.11.20-17.06.28:770][  0]LogConfig: Setting CVar [[gc.ActorClusteringEnabled:0]]
[2020.11.20-17.06.28:770][  0]LogConfig: Setting CVar [[gc.BlueprintClusteringEnabled:0]]
[2020.11.20-17.06.28:770][  0]LogConfig: Setting CVar [[gc.UseDisregardForGCOnDedicatedServers:0]]
[2020.11.20-17.06.28:770][  0]LogConfig: Applying CVar settings from Section [/Script/Engine.NetworkSettings] File [D:/IIM/4 Annee/Unreal/UnrealCPP/UnrealCPP/Saved/Config/Windows/Engine.ini]
[2020.11.20-17.06.28:770][  0]LogConfig: Applying CVar settings from Section [/Script/UnrealEd.CookerSettings] File [D:/IIM/4 Annee/Unreal/UnrealCPP/UnrealCPP/Saved/Config/Windows/Engine.ini]
[2020.11.20-17.06.28:772][  0]LogConfig: Applying CVar settings from Section [ViewDistanceQuality@3] File [D:/IIM/4 Annee/Unreal/UnrealCPP/UnrealCPP/Saved/Config/Windows/Scalability.ini]
[2020.11.20-17.06.28:772][  0]LogConfig: Setting CVar [[r.SkeletalMeshLODBias:0]]
[2020.11.20-17.06.28:772][  0]LogConfig: Setting CVar [[r.ViewDistanceScale:1.0]]
[2020.11.20-17.06.28:772][  0]LogConfig: Applying CVar settings from Section [AntiAliasingQuality@3] File [D:/IIM/4 Annee/Unreal/UnrealCPP/UnrealCPP/Saved/Config/Windows/Scalability.ini]
[2020.11.20-17.06.28:772][  0]LogConfig: Setting CVar [[r.PostProcessAAQuality:4]]
[2020.11.20-17.06.28:772][  0]LogConfig: Applying CVar settings from Section [ShadowQuality@3] File [D:/IIM/4 Annee/Unreal/UnrealCPP/UnrealCPP/Saved/Config/Windows/Scalability.ini]
[2020.11.20-17.06.28:772][  0]LogConfig: Setting CVar [[r.LightFunctionQuality:1]]
[2020.11.20-17.06.28:772][  0]LogConfig: Setting CVar [[r.ShadowQuality:5]]
[2020.11.20-17.06.28:772][  0]LogConfig: Setting CVar [[r.Shadow.CSM.MaxCascades:10]]
[2020.11.20-17.06.28:772][  0]LogConfig: Setting CVar [[r.Shadow.MaxResolution:2048]]
[2020.11.20-17.06.28:772][  0]LogConfig: Setting CVar [[r.Shadow.MaxCSMResolution:2048]]
[2020.11.20-17.06.28:772][  0]LogConfig: Setting CVar [[r.Shadow.RadiusThreshold:0.01]]
[2020.11.20-17.06.28:772][  0]LogConfig: Setting CVar [[r.Shadow.DistanceScale:1.0]]
[2020.11.20-17.06.28:772][  0]LogConfig: Setting CVar [[r.Shadow.CSM.TransitionScale:1.0]]
[2020.11.20-17.06.28:772][  0]LogConfig: Setting CVar [[r.Shadow.PreShadowResolutionFactor:1.0]]
[2020.11.20-17.06.28:772][  0]LogConfig: Setting CVar [[r.DistanceFieldShadowing:1]]
[2020.11.20-17.06.28:772][  0]LogConfig: Setting CVar [[r.DistanceFieldAO:1]]
[2020.11.20-17.06.28:772][  0]LogConfig: Setting CVar [[r.AOQuality:2]]
[2020.11.20-17.06.28:772][  0]LogConfig: Setting CVar [[r.VolumetricFog:1]]
[2020.11.20-17.06.28:772][  0]LogConfig: Setting CVar [[r.VolumetricFog.GridPixelSize:8]]
[2020.11.20-17.06.28:772][  0]LogConfig: Setting CVar [[r.VolumetricFog.GridSizeZ:128]]
[2020.11.20-17.06.28:772][  0]LogConfig: Setting CVar [[r.VolumetricFog.HistoryMissSupersampleCount:4]]
[2020.11.20-17.06.28:772][  0]LogConfig: Setting CVar [[r.LightMaxDrawDistanceScale:1]]
[2020.11.20-17.06.28:772][  0]LogConfig: Setting CVar [[r.CapsuleShadows:1]]
[2020.11.20-17.06.28:772][  0]LogConfig: Applying CVar settings from Section [PostProcessQuality@3] File [D:/IIM/4 Annee/Unreal/UnrealCPP/UnrealCPP/Saved/Config/Windows/Scalability.ini]
[2020.11.20-17.06.28:772][  0]LogConfig: Setting CVar [[r.MotionBlurQuality:4]]
[2020.11.20-17.06.28:772][  0]LogConfig: Setting CVar [[r.AmbientOcclusionMipLevelFactor:0.4]]
[2020.11.20-17.06.28:772][  0]LogConfig: Setting CVar [[r.AmbientOcclusionMaxQuality:100]]
[2020.11.20-17.06.28:772][  0]LogConfig: Setting CVar [[r.AmbientOcclusionLevels:-1]]
[2020.11.20-17.06.28:772][  0]LogConfig: Setting CVar [[r.AmbientOcclusionRadiusScale:1.0]]
[2020.11.20-17.06.28:772][  0]LogConfig: Setting CVar [[r.DepthOfFieldQuality:2]]
[2020.11.20-17.06.28:772][  0]LogConfig: Setting CVar [[r.RenderTargetPoolMin:400]]
[2020.11.20-17.06.28:773][  0]LogConfig: Setting CVar [[r.LensFlareQuality:2]]
[2020.11.20-17.06.28:773][  0]LogConfig: Setting CVar [[r.SceneColorFringeQuality:1]]
[2020.11.20-17.06.28:773][  0]LogConfig: Setting CVar [[r.EyeAdaptationQuality:2]]
[2020.11.20-17.06.28:773][  0]LogConfig: Setting CVar [[r.BloomQuality:5]]
[2020.11.20-17.06.28:773][  0]LogConfig: Setting CVar [[r.FastBlurThreshold:100]]
[2020.11.20-17.06.28:773][  0]LogConfig: Setting CVar [[r.Upscale.Quality:3]]
[2020.11.20-17.06.28:773][  0]LogConfig: Setting CVar [[r.Tonemapper.GrainQuantization:1]]
[2020.11.20-17.06.28:773][  0]LogConfig: Setting CVar [[r.LightShaftQuality:1]]
[2020.11.20-17.06.28:773][  0]LogConfig: Setting CVar [[r.Filter.SizeScale:1]]
[2020.11.20-17.06.28:773][  0]LogConfig: Setting CVar [[r.Tonemapper.Quality:5]]
[2020.11.20-17.06.28:773][  0]LogConfig: Setting CVar [[r.DOF.Gather.AccumulatorQuality:1        ; higher gathering accumulator quality]]
[2020.11.20-17.06.28:773][  0]LogConfig: Setting CVar [[r.DOF.Gather.PostfilterMethod:1          ; Median3x3 postfilering method]]
[2020.11.20-17.06.28:773][  0]LogConfig: Setting CVar [[r.DOF.Gather.EnableBokehSettings:0       ; no bokeh simulation when gathering]]
[2020.11.20-17.06.28:773][  0]LogConfig: Setting CVar [[r.DOF.Gather.RingCount:4                 ; medium number of samples when gathering]]
[2020.11.20-17.06.28:773][  0]LogConfig: Setting CVar [[r.DOF.Scatter.ForegroundCompositing:1    ; additive foreground scattering]]
[2020.11.20-17.06.28:773][  0]LogConfig: Setting CVar [[r.DOF.Scatter.BackgroundCompositing:2    ; additive background scattering]]
[2020.11.20-17.06.28:773][  0]LogConfig: Setting CVar [[r.DOF.Scatter.EnableBokehSettings:1      ; bokeh simulation when scattering]]
[2020.11.20-17.06.28:773][  0]LogConfig: Setting CVar [[r.DOF.Scatter.MaxSpriteRatio:0.1         ; only a maximum of 10% of scattered bokeh]]
[2020.11.20-17.06.28:773][  0]LogConfig: Setting CVar [[r.DOF.Recombine.Quality:1                ; cheap slight out of focus]]
[2020.11.20-17.06.28:773][  0]LogConfig: Setting CVar [[r.DOF.Recombine.EnableBokehSettings:0    ; no bokeh simulation on slight out of focus]]
[2020.11.20-17.06.28:773][  0]LogConfig: Setting CVar [[r.DOF.TemporalAAQuality:1                ; more stable temporal accumulation]]
[2020.11.20-17.06.28:773][  0]LogConfig: Setting CVar [[r.DOF.Kernel.MaxForegroundRadius:0.025]]
[2020.11.20-17.06.28:773][  0]LogConfig: Setting CVar [[r.DOF.Kernel.MaxBackgroundRadius:0.025]]
[2020.11.20-17.06.28:773][  0]LogConfig: Applying CVar settings from Section [TextureQuality@3] File [D:/IIM/4 Annee/Unreal/UnrealCPP/UnrealCPP/Saved/Config/Windows/Scalability.ini]
[2020.11.20-17.06.28:773][  0]LogConfig: Setting CVar [[r.Streaming.MipBias:0]]
[2020.11.20-17.06.28:773][  0]LogConfig: Setting CVar [[r.Streaming.AmortizeCPUToGPUCopy:0]]
[2020.11.20-17.06.28:773][  0]LogConfig: Setting CVar [[r.Streaming.MaxNumTexturesToStreamPerFrame:0]]
[2020.11.20-17.06.28:773][  0]LogConfig: Setting CVar [[r.Streaming.Boost:1]]
[2020.11.20-17.06.28:773][  0]LogConfig: Setting CVar [[r.MaxAnisotropy:8]]
[2020.11.20-17.06.28:773][  0]LogConfig: Setting CVar [[r.VT.MaxAnisotropy:8]]
[2020.11.20-17.06.28:773][  0]LogConfig: Setting CVar [[r.Streaming.LimitPoolSizeToVRAM:0]]
[2020.11.20-17.06.28:773][  0]LogConfig: Setting CVar [[r.Streaming.PoolSize:1000]]
[2020.11.20-17.06.28:773][  0]LogConfig: Setting CVar [[r.Streaming.MaxEffectiveScreenSize:0]]
[2020.11.20-17.06.28:773][  0]LogConfig: Applying CVar settings from Section [EffectsQuality@3] File [D:/IIM/4 Annee/Unreal/UnrealCPP/UnrealCPP/Saved/Config/Windows/Scalability.ini]
[2020.11.20-17.06.28:773][  0]LogConfig: Setting CVar [[r.TranslucencyLightingVolumeDim:64]]
[2020.11.20-17.06.28:773][  0]LogConfig: Setting CVar [[r.RefractionQuality:2]]
[2020.11.20-17.06.28:773][  0]LogConfig: Setting CVar [[r.SSR.Quality:3]]
[2020.11.20-17.06.28:773][  0]LogConfig: Setting CVar [[r.SSR.HalfResSceneColor:0]]
[2020.11.20-17.06.28:773][  0]LogConfig: Setting CVar [[r.SceneColorFormat:4]]
[2020.11.20-17.06.28:773][  0]LogConfig: Setting CVar [[r.DetailMode:2]]
[2020.11.20-17.06.28:773][  0]LogConfig: Setting CVar [[r.TranslucencyVolumeBlur:1]]
[2020.11.20-17.06.28:773][  0]LogConfig: Setting CVar [[r.MaterialQualityLevel:1 ; High quality]]
[2020.11.20-17.06.28:773][  0]LogConfig: Setting CVar [[r.SSS.Scale:1]]
[2020.11.20-17.06.28:773][  0]LogConfig: Setting CVar [[r.SSS.SampleSet:2]]
[2020.11.20-17.06.28:773][  0]LogConfig: Setting CVar [[r.SSS.Quality:1]]
[2020.11.20-17.06.28:773][  0]LogConfig: Setting CVar [[r.SSS.HalfRes:0]]
[2020.11.20-17.06.28:773][  0]LogConfig: Setting CVar [[r.SSGI.Quality:3]]
[2020.11.20-17.06.28:773][  0]LogConfig: Setting CVar [[r.EmitterSpawnRateScale:1.0]]
[2020.11.20-17.06.28:773][  0]LogConfig: Setting CVar [[r.ParticleLightQuality:2]]
[2020.11.20-17.06.28:773][  0]LogConfig: Setting CVar [[r.SkyAtmosphere.AerialPerspectiveLUT.FastApplyOnOpaque:1 ; Always have FastSkyLUT 1 in this case to avoid wrong sky]]
[2020.11.20-17.06.28:773][  0]LogConfig: Setting CVar [[r.SkyAtmosphere.AerialPerspectiveLUT.SampleCountPerSlice:1]]
[2020.11.20-17.06.28:773][  0]LogConfig: Setting CVar [[r.SkyAtmosphere.AerialPerspectiveLUT.DepthResolution:16.0]]
[2020.11.20-17.06.28:773][  0]LogConfig: Setting CVar [[r.SkyAtmosphere.FastSkyLUT:1]]
[2020.11.20-17.06.28:773][  0]LogConfig: Setting CVar [[r.SkyAtmosphere.FastSkyLUT.SampleCountMin:4.0]]
[2020.11.20-17.06.28:773][  0]LogConfig: Setting CVar [[r.SkyAtmosphere.FastSkyLUT.SampleCountMax:32.0]]
[2020.11.20-17.06.28:773][  0]LogConfig: Setting CVar [[r.SkyAtmosphere.SampleCountMin:4.0]]
[2020.11.20-17.06.28:773][  0]LogConfig: Setting CVar [[r.SkyAtmosphere.SampleCountMax:32.0]]
[2020.11.20-17.06.28:773][  0]LogConfig: Setting CVar [[r.SkyAtmosphere.TransmittanceLUT.UseSmallFormat:0]]
[2020.11.20-17.06.28:773][  0]LogConfig: Setting CVar [[r.SkyAtmosphere.TransmittanceLUT.SampleCount:10.0]]
[2020.11.20-17.06.28:773][  0]LogConfig: Setting CVar [[r.SkyAtmosphere.MultiScatteringLUT.SampleCount:15.0]]
[2020.11.20-17.06.28:773][  0]LogConfig: Applying CVar settings from Section [FoliageQuality@3] File [D:/IIM/4 Annee/Unreal/UnrealCPP/UnrealCPP/Saved/Config/Windows/Scalability.ini]
[2020.11.20-17.06.28:773][  0]LogConfig: Setting CVar [[foliage.DensityScale:1.0]]
[2020.11.20-17.06.28:773][  0]LogConfig: Setting CVar [[grass.DensityScale:1.0]]
[2020.11.20-17.06.28:773][  0]LogConfig: Applying CVar settings from Section [ShadingQuality@3] File [D:/IIM/4 Annee/Unreal/UnrealCPP/UnrealCPP/Saved/Config/Windows/Scalability.ini]
[2020.11.20-17.06.28:773][  0]LogConfig: Setting CVar [[r.HairStrands.SkyLighting.SampleCount:16]]
[2020.11.20-17.06.28:773][  0]LogConfig: Setting CVar [[r.HairStrands.SkyLighting.JitterIntegration:0]]
[2020.11.20-17.06.28:773][  0]LogConfig: Setting CVar [[r.HairStrands.SkyAO.SampleCount:16]]
[2020.11.20-17.06.28:773][  0]LogConfig: Setting CVar [[r.HairStrands.DeepShadow.SuperSampling:0]]
[2020.11.20-17.06.28:773][  0]LogConfig: Setting CVar [[r.HairStrands.VisibilityPPLL:0]]
[2020.11.20-17.06.28:773][  0]LogConfig: Setting CVar [[r.HairStrands.RasterizationScale:0.5]]
[2020.11.20-17.06.28:773][  0]LogConfig: Setting CVar [[r.HairStrands.VelocityRasterizationScale:1]]
[2020.11.20-17.06.28:773][  0]LogInit: Selected Device Profile: [Windows]
[2020.11.20-17.06.28:773][  0]LogInit: Applying CVar settings loaded from the selected device profile: [Windows]
[2020.11.20-17.06.28:773][  0]LogHAL: Display: Platform has ~ 16 GB [17019686912 / 17179869184 / 16], which maps to Larger [LargestMinGB=32, LargerMinGB=12, DefaultMinGB=8, SmallerMinGB=6, SmallestMinGB=0)
[2020.11.20-17.06.28:774][  0]LogInit: Going up to parent DeviceProfile []
[2020.11.20-17.06.28:774][  0]LogConfig: Applying CVar settings from Section [ViewDistanceQuality@2] File [D:/IIM/4 Annee/Unreal/UnrealCPP/UnrealCPP/Saved/Config/Windows/Scalability.ini]
[2020.11.20-17.06.28:774][  0]LogConfig: Setting CVar [[r.SkeletalMeshLODBias:0]]
[2020.11.20-17.06.28:774][  0]LogConfig: Setting CVar [[r.ViewDistanceScale:0.8]]
[2020.11.20-17.06.28:774][  0]LogConfig: Applying CVar settings from Section [AntiAliasingQuality@2] File [D:/IIM/4 Annee/Unreal/UnrealCPP/UnrealCPP/Saved/Config/Windows/Scalability.ini]
[2020.11.20-17.06.28:774][  0]LogConfig: Setting CVar [[r.PostProcessAAQuality:3]]
[2020.11.20-17.06.28:774][  0]LogConfig: Applying CVar settings from Section [ShadowQuality@2] File [D:/IIM/4 Annee/Unreal/UnrealCPP/UnrealCPP/Saved/Config/Windows/Scalability.ini]
[2020.11.20-17.06.28:774][  0]LogConfig: Setting CVar [[r.LightFunctionQuality:1]]
[2020.11.20-17.06.28:774][  0]LogConfig: Setting CVar [[r.ShadowQuality:5]]
[2020.11.20-17.06.28:774][  0]LogConfig: Setting CVar [[r.Shadow.CSM.MaxCascades:4]]
[2020.11.20-17.06.28:774][  0]LogConfig: Setting CVar [[r.Shadow.MaxResolution:1024]]
[2020.11.20-17.06.28:774][  0]LogConfig: Setting CVar [[r.Shadow.MaxCSMResolution:2048]]
[2020.11.20-17.06.28:774][  0]LogConfig: Setting CVar [[r.Shadow.RadiusThreshold:0.04]]
[2020.11.20-17.06.28:774][  0]LogConfig: Setting CVar [[r.Shadow.DistanceScale:0.85]]
[2020.11.20-17.06.28:774][  0]LogConfig: Setting CVar [[r.Shadow.CSM.TransitionScale:0.8]]
[2020.11.20-17.06.28:774][  0]LogConfig: Setting CVar [[r.Shadow.PreShadowResolutionFactor:0.5]]
[2020.11.20-17.06.28:774][  0]LogConfig: Setting CVar [[r.DistanceFieldShadowing:1]]
[2020.11.20-17.06.28:774][  0]LogConfig: Setting CVar [[r.DistanceFieldAO:1]]
[2020.11.20-17.06.28:774][  0]LogConfig: Setting CVar [[r.AOQuality:1]]
[2020.11.20-17.06.28:774][  0]LogConfig: Setting CVar [[r.VolumetricFog:1]]
[2020.11.20-17.06.28:774][  0]LogConfig: Setting CVar [[r.VolumetricFog.GridPixelSize:16]]
[2020.11.20-17.06.28:774][  0]LogConfig: Setting CVar [[r.VolumetricFog.GridSizeZ:64]]
[2020.11.20-17.06.28:774][  0]LogConfig: Setting CVar [[r.VolumetricFog.HistoryMissSupersampleCount:4]]
[2020.11.20-17.06.28:774][  0]LogConfig: Setting CVar [[r.LightMaxDrawDistanceScale:1]]
[2020.11.20-17.06.28:774][  0]LogConfig: Setting CVar [[r.CapsuleShadows:1]]
[2020.11.20-17.06.28:774][  0]LogConfig: Applying CVar settings from Section [PostProcessQuality@2] File [D:/IIM/4 Annee/Unreal/UnrealCPP/UnrealCPP/Saved/Config/Windows/Scalability.ini]
[2020.11.20-17.06.28:774][  0]LogConfig: Setting CVar [[r.MotionBlurQuality:3]]
[2020.11.20-17.06.28:774][  0]LogConfig: Setting CVar [[r.AmbientOcclusionMipLevelFactor:0.6]]
[2020.11.20-17.06.28:774][  0]LogConfig: Setting CVar [[r.AmbientOcclusionMaxQuality:100]]
[2020.11.20-17.06.28:774][  0]LogConfig: Setting CVar [[r.AmbientOcclusionLevels:-1]]
[2020.11.20-17.06.28:774][  0]LogConfig: Setting CVar [[r.AmbientOcclusionRadiusScale:1.5]]
[2020.11.20-17.06.28:774][  0]LogConfig: Setting CVar [[r.DepthOfFieldQuality:2]]
[2020.11.20-17.06.28:774][  0]LogConfig: Setting CVar [[r.RenderTargetPoolMin:400]]
[2020.11.20-17.06.28:774][  0]LogConfig: Setting CVar [[r.LensFlareQuality:2]]
[2020.11.20-17.06.28:774][  0]LogConfig: Setting CVar [[r.SceneColorFringeQuality:1]]
[2020.11.20-17.06.28:774][  0]LogConfig: Setting CVar [[r.EyeAdaptationQuality:2]]
[2020.11.20-17.06.28:774][  0]LogConfig: Setting CVar [[r.BloomQuality:5]]
[2020.11.20-17.06.28:774][  0]LogConfig: Setting CVar [[r.FastBlurThreshold:3]]
[2020.11.20-17.06.28:774][  0]LogConfig: Setting CVar [[r.Upscale.Quality:2]]
[2020.11.20-17.06.28:774][  0]LogConfig: Setting CVar [[r.Tonemapper.GrainQuantization:1]]
[2020.11.20-17.06.28:774][  0]LogConfig: Setting CVar [[r.LightShaftQuality:1]]
[2020.11.20-17.06.28:774][  0]LogConfig: Setting CVar [[r.Filter.SizeScale:0.8]]
[2020.11.20-17.06.28:774][  0]LogConfig: Setting CVar [[r.Tonemapper.Quality:5]]
[2020.11.20-17.06.28:774][  0]LogConfig: Setting CVar [[r.DOF.Gather.AccumulatorQuality:0        ; lower gathering accumulator quality]]
[2020.11.20-17.06.28:774][  0]LogConfig: Setting CVar [[r.DOF.Gather.PostfilterMethod:2          ; Max3x3 postfilering method]]
[2020.11.20-17.06.28:774][  0]LogConfig: Setting CVar [[r.DOF.Gather.EnableBokehSettings:0       ; no bokeh simulation when gathering]]
[2020.11.20-17.06.28:774][  0]LogConfig: Setting CVar [[r.DOF.Gather.RingCount:4                 ; medium number of samples when gathering]]
[2020.11.20-17.06.28:774][  0]LogConfig: Setting CVar [[r.DOF.Scatter.ForegroundCompositing:1    ; additive foreground scattering]]
[2020.11.20-17.06.28:774][  0]LogConfig: Setting CVar [[r.DOF.Scatter.BackgroundCompositing:1    ; no background occlusion]]
[2020.11.20-17.06.28:774][  0]LogConfig: Setting CVar [[r.DOF.Scatter.EnableBokehSettings:0      ; no bokeh simulation when scattering]]
[2020.11.20-17.06.28:774][  0]LogConfig: Setting CVar [[r.DOF.Scatter.MaxSpriteRatio:0.04        ; only a maximum of 4% of scattered bokeh]]
[2020.11.20-17.06.28:774][  0]LogConfig: Setting CVar [[r.DOF.Recombine.Quality:0                ; no slight out of focus]]
[2020.11.20-17.06.28:774][  0]LogConfig: Setting CVar [[r.DOF.TemporalAAQuality:0                ; faster temporal accumulation]]
[2020.11.20-17.06.28:774][  0]LogConfig: Setting CVar [[r.DOF.Kernel.MaxForegroundRadius:0.012   ; required because of AccumulatorQuality=0]]
[2020.11.20-17.06.28:774][  0]LogConfig: Setting CVar [[r.DOF.Kernel.MaxBackgroundRadius:0.012   ; required because of AccumulatorQuality=0]]
[2020.11.20-17.06.28:774][  0]LogConfig: Applying CVar settings from Section [TextureQuality@2] File [D:/IIM/4 Annee/Unreal/UnrealCPP/UnrealCPP/Saved/Config/Windows/Scalability.ini]
[2020.11.20-17.06.28:774][  0]LogConfig: Setting CVar [[r.Streaming.MipBias:0]]
[2020.11.20-17.06.28:774][  0]LogConfig: Setting CVar [[r.Streaming.AmortizeCPUToGPUCopy:0]]
[2020.11.20-17.06.28:774][  0]LogConfig: Setting CVar [[r.Streaming.MaxNumTexturesToStreamPerFrame:0]]
[2020.11.20-17.06.28:774][  0]LogConfig: Setting CVar [[r.Streaming.Boost:1]]
[2020.11.20-17.06.28:774][  0]LogConfig: Setting CVar [[r.MaxAnisotropy:4]]
[2020.11.20-17.06.28:774][  0]LogConfig: Setting CVar [[r.VT.MaxAnisotropy:8]]
[2020.11.20-17.06.28:774][  0]LogConfig: Setting CVar [[r.Streaming.LimitPoolSizeToVRAM:1]]
[2020.11.20-17.06.28:774][  0]LogConfig: Setting CVar [[r.Streaming.PoolSize:800]]
[2020.11.20-17.06.28:774][  0]LogConfig: Setting CVar [[r.Streaming.MaxEffectiveScreenSize:0]]
[2020.11.20-17.06.28:774][  0]LogConfig: Applying CVar settings from Section [EffectsQuality@2] File [D:/IIM/4 Annee/Unreal/UnrealCPP/UnrealCPP/Saved/Config/Windows/Scalability.ini]
[2020.11.20-17.06.28:774][  0]LogConfig: Setting CVar [[r.TranslucencyLightingVolumeDim:48]]
[2020.11.20-17.06.28:774][  0]LogConfig: Setting CVar [[r.RefractionQuality:2]]
[2020.11.20-17.06.28:774][  0]LogConfig: Setting CVar [[r.SSR.Quality:2]]
[2020.11.20-17.06.28:775][  0]LogConfig: Setting CVar [[r.SSR.HalfResSceneColor:1]]
[2020.11.20-17.06.28:775][  0]LogConfig: Setting CVar [[r.SceneColorFormat:3]]
[2020.11.20-17.06.28:775][  0]LogConfig: Setting CVar [[r.DetailMode:1]]
[2020.11.20-17.06.28:775][  0]LogConfig: Setting CVar [[r.TranslucencyVolumeBlur:1]]
[2020.11.20-17.06.28:775][  0]LogConfig: Setting CVar [[r.MaterialQualityLevel:1 ; High quality]]
[2020.11.20-17.06.28:775][  0]LogConfig: Setting CVar [[r.SSS.Scale:1]]
[2020.11.20-17.06.28:775][  0]LogConfig: Setting CVar [[r.SSS.SampleSet:1]]
[2020.11.20-17.06.28:775][  0]LogConfig: Setting CVar [[r.SSS.Quality:-1]]
[2020.11.20-17.06.28:775][  0]LogConfig: Setting CVar [[r.SSS.HalfRes:1]]
[2020.11.20-17.06.28:775][  0]LogConfig: Setting CVar [[r.SSGI.Quality:2]]
[2020.11.20-17.06.28:775][  0]LogConfig: Setting CVar [[r.EmitterSpawnRateScale:0.5]]
[2020.11.20-17.06.28:775][  0]LogConfig: Setting CVar [[r.ParticleLightQuality:1]]
[2020.11.20-17.06.28:775][  0]LogConfig: Setting CVar [[r.SkyAtmosphere.AerialPerspectiveLUT.FastApplyOnOpaque:1 ; Always have FastSkyLUT 1 in this case to avoid wrong sky]]
[2020.11.20-17.06.28:775][  0]LogConfig: Setting CVar [[r.SkyAtmosphere.AerialPerspectiveLUT.SampleCountPerSlice:1]]
[2020.11.20-17.06.28:775][  0]LogConfig: Setting CVar [[r.SkyAtmosphere.AerialPerspectiveLUT.DepthResolution:16.0]]
[2020.11.20-17.06.28:775][  0]LogConfig: Setting CVar [[r.SkyAtmosphere.FastSkyLUT:1]]
[2020.11.20-17.06.28:775][  0]LogConfig: Setting CVar [[r.SkyAtmosphere.FastSkyLUT.SampleCountMin:4.0]]
[2020.11.20-17.06.28:775][  0]LogConfig: Setting CVar [[r.SkyAtmosphere.FastSkyLUT.SampleCountMax:32.0]]
[2020.11.20-17.06.28:775][  0]LogConfig: Setting CVar [[r.SkyAtmosphere.SampleCountMin:4.0]]
[2020.11.20-17.06.28:775][  0]LogConfig: Setting CVar [[r.SkyAtmosphere.SampleCountMax:32.0]]
[2020.11.20-17.06.28:775][  0]LogConfig: Setting CVar [[r.SkyAtmosphere.TransmittanceLUT.UseSmallFormat:0]]
[2020.11.20-17.06.28:775][  0]LogConfig: Setting CVar [[r.SkyAtmosphere.TransmittanceLUT.SampleCount:10.0]]
[2020.11.20-17.06.28:775][  0]LogConfig: Setting CVar [[r.SkyAtmosphere.MultiScatteringLUT.SampleCount:15.0]]
[2020.11.20-17.06.28:775][  0]LogConfig: Applying CVar settings from Section [FoliageQuality@2] File [D:/IIM/4 Annee/Unreal/UnrealCPP/UnrealCPP/Saved/Config/Windows/Scalability.ini]
[2020.11.20-17.06.28:775][  0]LogConfig: Setting CVar [[foliage.DensityScale:0.8]]
[2020.11.20-17.06.28:775][  0]LogConfig: Setting CVar [[grass.DensityScale:0.8]]
[2020.11.20-17.06.28:775][  0]LogConfig: Applying CVar settings from Section [ShadingQuality@2] File [D:/IIM/4 Annee/Unreal/UnrealCPP/UnrealCPP/Saved/Config/Windows/Scalability.ini]
[2020.11.20-17.06.28:775][  0]LogConfig: Setting CVar [[r.HairStrands.SkyLighting.SampleCount:16]]
[2020.11.20-17.06.28:775][  0]LogConfig: Setting CVar [[r.HairStrands.SkyLighting.JitterIntegration:0]]
[2020.11.20-17.06.28:775][  0]LogConfig: Setting CVar [[r.HairStrands.SkyAO.SampleCount:16]]
[2020.11.20-17.06.28:775][  0]LogConfig: Setting CVar [[r.HairStrands.DeepShadow.SuperSampling:0]]
[2020.11.20-17.06.28:775][  0]LogConfig: Setting CVar [[r.HairStrands.VisibilityPPLL:0]]
[2020.11.20-17.06.28:775][  0]LogConfig: Setting CVar [[r.HairStrands.RasterizationScale:0.5]]
[2020.11.20-17.06.28:775][  0]LogConfig: Setting CVar [[r.HairStrands.VelocityRasterizationScale:1]]
[2020.11.20-17.06.28:775][  0]LogConfig: Applying CVar settings from Section [Startup] File [../../../Engine/Config/ConsoleVariables.ini]
[2020.11.20-17.06.28:775][  0]LogConfig: Setting CVar [[net.UseAdaptiveNetUpdateFrequency:0]]
[2020.11.20-17.06.28:775][  0]LogConfig: Setting CVar [[p.chaos.AllowCreatePhysxBodies:1]]
[2020.11.20-17.06.28:775][  0]LogConfig: Setting CVar [[fx.SkipVectorVMBackendOptimizations:1]]
[2020.11.20-17.06.28:775][  0]LogConfig: Applying CVar settings from Section [ConsoleVariables] File [D:/IIM/4 Annee/Unreal/UnrealCPP/UnrealCPP/Saved/Config/Windows/Engine.ini]
[2020.11.20-17.06.28:776][  0]LogInit: Computer: LAPTOP-GTT9INDU
[2020.11.20-17.06.28:776][  0]LogInit: User: alexi
[2020.11.20-17.06.28:776][  0]LogInit: CPU Page size=4096, Cores=6
[2020.11.20-17.06.28:776][  0]LogInit: High frequency timer resolution =10.000000 MHz
[2020.11.20-17.06.28:776][  0]LogMemory: Memory total: Physical=15.9GB (16GB approx)
[2020.11.20-17.06.28:776][  0]LogMemory: Platform Memory Stats for Windows
[2020.11.20-17.06.28:776][  0]LogMemory: Process Physical Memory: 115.35 MB used, 115.35 MB peak
[2020.11.20-17.06.28:776][  0]LogMemory: Process Virtual Memory: 97.34 MB used, 97.34 MB peak
[2020.11.20-17.06.28:776][  0]LogMemory: Physical Memory: 6328.70 MB used,  9902.54 MB free, 16231.24 MB total
[2020.11.20-17.06.28:776][  0]LogMemory: Virtual Memory: 5164.87 MB used,  134212560.00 MB free, 134217728.00 MB total
[2020.11.20-17.06.28:781][  0]LogWindows: WindowsPlatformFeatures enabled
[2020.11.20-17.06.28:841][  0]LogInit: Physics initialised using underlying interface: PhysX
[2020.11.20-17.06.28:844][  0]LogInit: Using OS detected language (fr-FR).
[2020.11.20-17.06.28:844][  0]LogInit: Using OS detected locale (fr-FR).
[2020.11.20-17.06.28:857][  0]LogTextLocalizationManager: No specific localization for 'fr-FR' exists, so the 'fr' localization will be used.
[2020.11.20-17.06.28:858][  0]LogTextLocalizationResource: LocRes '../../../Engine/Content/Localization/Editor/fr/Editor.locres' could not be opened for reading!
[2020.11.20-17.06.28:858][  0]LogTextLocalizationResource: LocRes '../../../Engine/Content/Localization/EditorTutorials/fr/EditorTutorials.locres' could not be opened for reading!
[2020.11.20-17.06.28:858][  0]LogTextLocalizationResource: LocRes '../../../Engine/Content/Localization/Keywords/fr/Keywords.locres' could not be opened for reading!
[2020.11.20-17.06.28:858][  0]LogTextLocalizationResource: LocRes '../../../Engine/Content/Localization/Category/fr/Category.locres' could not be opened for reading!
[2020.11.20-17.06.28:858][  0]LogTextLocalizationResource: LocRes '../../../Engine/Content/Localization/ToolTips/fr/ToolTips.locres' could not be opened for reading!
[2020.11.20-17.06.28:859][  0]LogTextLocalizationResource: LocRes '../../../Engine/Content/Localization/PropertyNames/fr/PropertyNames.locres' could not be opened for reading!
[2020.11.20-17.06.28:859][  0]LogTextLocalizationResource: LocRes '../../../Engine/Content/Localization/Engine/fr/Engine.locres' could not be opened for reading!
[2020.11.20-17.06.28:883][  0]LogInit: Setting process to per monitor DPI aware
[2020.11.20-17.06.28:959][  0]LogSlate: New Slate User Created.  User Index 0, Is Virtual User: 0
[2020.11.20-17.06.28:959][  0]LogSlate: Slate User Registered.  User Index 0, Is Virtual User: 0
[2020.11.20-17.06.31:442][  0]LogHMD: Failed to initialize OpenVR with code 110
[2020.11.20-17.06.31:442][  0]LogD3D11RHI: D3D11 min allowed feature level: 11_0
[2020.11.20-17.06.31:442][  0]LogD3D11RHI: D3D11 max allowed feature level: 11_0
[2020.11.20-17.06.31:442][  0]LogD3D11RHI: D3D11 adapters:
[2020.11.20-17.06.31:513][  0]LogD3D11RHI:    0. 'NVIDIA GeForce RTX 2060' (Feature Level 11_0)
[2020.11.20-17.06.31:513][  0]LogD3D11RHI:       5980/0/8115 MB DedicatedVideo/DedicatedSystem/SharedSystem, Outputs:1, VendorId:0x10de
[2020.11.20-17.06.31:528][  0]LogD3D11RHI:    1. 'Intel(R) UHD Graphics 630' (Feature Level 11_0)
[2020.11.20-17.06.31:528][  0]LogD3D11RHI:       128/0/8115 MB DedicatedVideo/DedicatedSystem/SharedSystem, Outputs:0, VendorId:0x8086
[2020.11.20-17.06.31:530][  0]LogD3D11RHI:    2. 'Microsoft Basic Render Driver' (Feature Level 11_0)
[2020.11.20-17.06.31:530][  0]LogD3D11RHI:       0/0/8115 MB DedicatedVideo/DedicatedSystem/SharedSystem, Outputs:0, VendorId:0x1414
[2020.11.20-17.06.31:530][  0]LogD3D11RHI: Chosen D3D11 Adapter: 0
[2020.11.20-17.06.31:561][  0]LogD3D11RHI: Creating new Direct3DDevice
[2020.11.20-17.06.31:561][  0]LogD3D11RHI:     GPU DeviceId: 0x1f11 (for the marketing name, search the web for "GPU Device Id")
[2020.11.20-17.06.31:561][  0]LogWindows: EnumDisplayDevices:
[2020.11.20-17.06.31:562][  0]LogWindows:    0. 'Intel(R) UHD Graphics 630' (P:1 D:1)
[2020.11.20-17.06.31:562][  0]LogWindows:    1. 'Intel(R) UHD Graphics 630' (P:0 D:0)
[2020.11.20-17.06.31:562][  0]LogWindows:    2. 'Intel(R) UHD Graphics 630' (P:0 D:0)
[2020.11.20-17.06.31:562][  0]LogWindows:    3. 'NVIDIA GeForce RTX 2060' (P:0 D:0)
[2020.11.20-17.06.31:562][  0]LogWindows:    4. 'NVIDIA GeForce RTX 2060' (P:0 D:0)
[2020.11.20-17.06.31:563][  0]LogWindows:    5. 'NVIDIA GeForce RTX 2060' (P:0 D:0)
[2020.11.20-17.06.31:563][  0]LogWindows:    6. 'NVIDIA GeForce RTX 2060' (P:0 D:0)
[2020.11.20-17.06.31:563][  0]LogWindows: DebugString: PrimaryIsNotTheChoosenAdapter PrimaryIsNotTheChoosenAdapter PrimaryIsNotTheChoosenAdapter FoundDriverCount:4 
[2020.11.20-17.06.31:563][  0]LogD3D11RHI:     Adapter Name: NVIDIA GeForce RTX 2060
[2020.11.20-17.06.31:563][  0]LogD3D11RHI:   Driver Version: 425.45 (internal:25.21.14.2545, unified:425.45)
[2020.11.20-17.06.31:563][  0]LogD3D11RHI:      Driver Date: 4-23-2019
[2020.11.20-17.06.31:563][  0]LogRHI: Texture pool is 4186 MB (70% of 5980 MB)
[2020.11.20-17.06.31:605][  0]LogD3D11RHI: RHI has support for 64 bit atomics
[2020.11.20-17.06.31:606][  0]LogD3D11RHI: Async texture creation enabled
[2020.11.20-17.06.31:606][  0]LogD3D11RHI: Array index from any shader is supported
[2020.11.20-17.06.31:624][  0]LogD3D11RHI: GPU Timing Frequency: 1000.000000 (Debug: 2 2)
[2020.11.20-17.06.31:866][  0]LogTargetPlatformManager: Display: Loaded TargetPlatform 'AllDesktop'
[2020.11.20-17.06.31:886][  0]LogTargetPlatformManager: Display: Loaded TargetPlatform 'Android'
[2020.11.20-17.06.31:886][  0]LogTargetPlatformManager: Display: Loaded TargetPlatform 'Android_ASTC'
[2020.11.20-17.06.31:886][  0]LogTargetPlatformManager: Display: Loaded TargetPlatform 'Android_DXT'
[2020.11.20-17.06.31:886][  0]LogTargetPlatformManager: Display: Loaded TargetPlatform 'Android_ETC2'
[2020.11.20-17.06.31:886][  0]LogTargetPlatformManager: Display: Loaded TargetPlatform 'AndroidClient'
[2020.11.20-17.06.31:886][  0]LogTargetPlatformManager: Display: Loaded TargetPlatform 'Android_ASTCClient'
[2020.11.20-17.06.31:886][  0]LogTargetPlatformManager: Display: Loaded TargetPlatform 'Android_DXTClient'
[2020.11.20-17.06.31:886][  0]LogTargetPlatformManager: Display: Loaded TargetPlatform 'Android_ETC2Client'
[2020.11.20-17.06.31:886][  0]LogTargetPlatformManager: Display: Loaded TargetPlatform 'Android_Multi'
[2020.11.20-17.06.31:886][  0]LogTargetPlatformManager: Display: Loaded TargetPlatform 'Android_MultiClient'
[2020.11.20-17.06.31:918][  0]LogTargetPlatformManager: Display: Loaded TargetPlatform 'IOSClient'
[2020.11.20-17.06.31:918][  0]LogTargetPlatformManager: Display: Loaded TargetPlatform 'IOS'
[2020.11.20-17.06.31:936][  0]LogTargetPlatformManager: Display: Loaded TargetPlatform 'Linux'
[2020.11.20-17.06.31:945][  0]LogTargetPlatformManager: Display: Loaded TargetPlatform 'LinuxNoEditor'
[2020.11.20-17.06.31:954][  0]LogTargetPlatformManager: Display: Loaded TargetPlatform 'LinuxClient'
[2020.11.20-17.06.31:963][  0]LogTargetPlatformManager: Display: Loaded TargetPlatform 'LinuxServer'
[2020.11.20-17.06.31:972][  0]LogTargetPlatformManager: Display: Loaded TargetPlatform 'LinuxAArch64NoEditor'
[2020.11.20-17.06.31:982][  0]LogTargetPlatformManager: Display: Loaded TargetPlatform 'LinuxAArch64Client'
[2020.11.20-17.06.31:991][  0]LogTargetPlatformManager: Display: Loaded TargetPlatform 'LinuxAArch64Server'
[2020.11.20-17.06.32:018][  0]LogTargetPlatformManager: Display: Loaded TargetPlatform 'Lumin'
[2020.11.20-17.06.32:018][  0]LogTargetPlatformManager: Display: Loaded TargetPlatform 'LuminClient'
[2020.11.20-17.06.32:032][  0]LogTargetPlatformManager: Display: Loaded TargetPlatform 'TVOSClient'
[2020.11.20-17.06.32:032][  0]LogTargetPlatformManager: Display: Loaded TargetPlatform 'TVOS'
[2020.11.20-17.06.32:041][  0]LogTargetPlatformManager: Display: Loaded TargetPlatform 'WindowsNoEditor'
[2020.11.20-17.06.32:049][  0]LogTargetPlatformManager: Display: Loaded TargetPlatform 'Windows'
[2020.11.20-17.06.32:058][  0]LogTargetPlatformManager: Display: Loaded TargetPlatform 'WindowsClient'
[2020.11.20-17.06.32:067][  0]LogTargetPlatformManager: Display: Loaded TargetPlatform 'WindowsServer'
[2020.11.20-17.06.32:067][  0]LogTargetPlatformManager: Display: Building Assets For Windows
[2020.11.20-17.06.32:076][  0]LogAudioDebug: Display: Lib vorbis DLL was dynamically loaded.
[2020.11.20-17.06.32:148][  0]LogShaderCompilers: Guid format shader working directory is 4 characters bigger than the processId version (D:/IIM/4 Annee/Unreal/UnrealCPP/UnrealCPP/Intermediate/Shaders/WorkingDirectory/10916/).
[2020.11.20-17.06.32:148][  0]LogShaderCompilers: Cleaned the shader compiler working directory 'C:/Users/alexi/AppData/Local/Temp/UnrealShaderWorkingDir/F9E0CDB54931C525DC23D99D7E80EA88/'.
[2020.11.20-17.06.32:149][  0]LogXGEController: Cleaning working directory: C:/Users/alexi/AppData/Local/Temp/UnrealXGEWorkingDir/
[2020.11.20-17.06.32:149][  0]LogXGEController: Cannot use XGE Controller as Incredibuild is not installed on this machine.
[2020.11.20-17.06.32:149][  0]LogShaderCompilers: Cannot use XGE Shader Compiler as Incredibuild is not installed on this machine.
[2020.11.20-17.06.32:149][  0]LogShaderCompilers: Display: Using Local Shader Compiler.
[2020.11.20-17.06.35:061][  0]LogDerivedDataCache: Display: Max Cache Size: 512 MB
[2020.11.20-17.06.35:134][  0]LogDerivedDataCache: Loaded boot cache 0.07s 79MB C:/Users/alexi/AppData/Local/UnrealEngine/4.25/DerivedDataCache/Boot.ddc.
[2020.11.20-17.06.35:134][  0]LogDerivedDataCache: Display: Loaded Boot cache: C:/Users/alexi/AppData/Local/UnrealEngine/4.25/DerivedDataCache/Boot.ddc
[2020.11.20-17.06.35:135][  0]LogDerivedDataCache: FDerivedDataBackendGraph:  Pak pak cache file D:/IIM/4 Annee/Unreal/UnrealCPP/UnrealCPP/DerivedDataCache/DDC.ddp not found, will not use a pak cache.
[2020.11.20-17.06.35:135][  0]LogDerivedDataCache: Unable to find inner node Pak for hierarchical cache Hierarchy.
[2020.11.20-17.06.35:135][  0]LogDerivedDataCache: FDerivedDataBackendGraph:  CompressedPak pak cache file D:/IIM/4 Annee/Unreal/UnrealCPP/UnrealCPP/DerivedDataCache/Compressed.ddp not found, will not use a pak cache.
[2020.11.20-17.06.35:135][  0]LogDerivedDataCache: Unable to find inner node CompressedPak for hierarchical cache Hierarchy.
[2020.11.20-17.06.35:145][  0]LogDerivedDataCache: Display: Pak cache opened for reading ../../../Engine/DerivedDataCache/Compressed.ddp.
[2020.11.20-17.06.35:145][  0]LogDerivedDataCache: FDerivedDataBackendGraph:  EnterprisePak pak cache file ../../../Enterprise/DerivedDataCache/Compressed.ddp not found, will not use a pak cache.
[2020.11.20-17.06.35:145][  0]LogDerivedDataCache: Unable to find inner node EnterprisePak for hierarchical cache Hierarchy.
[2020.11.20-17.06.35:146][  0]LogDerivedDataCache: Using Local data cache path C:/Users/alexi/AppData/Local/UnrealEngine/Common/DerivedDataCache: Writable
[2020.11.20-17.06.35:146][  0]LogDerivedDataCache: Shared data cache path not found in *engine.ini, will not use an Shared cache.
[2020.11.20-17.06.35:146][  0]LogDerivedDataCache: Unable to find inner node Shared for hierarchical cache Hierarchy.
[2020.11.20-17.06.35:190][  0]LogSlate: Using FreeType 2.10.0
[2020.11.20-17.06.35:202][  0]LogSlate: SlateFontServices - WITH_FREETYPE: 1, WITH_HARFBUZZ: 1
[2020.11.20-17.06.35:231][  0]LogAssetRegistry: FAssetRegistry took 0.0022 seconds to start up
[2020.11.20-17.06.35:453][  0]LogInit: Selected Device Profile: [Windows]
[2020.11.20-17.06.35:573][  0]LogMeshReduction: Using QuadricMeshReduction for automatic static mesh reduction
[2020.11.20-17.06.35:573][  0]LogMeshReduction: Using SimplygonMeshReduction for automatic skeletal mesh reduction
[2020.11.20-17.06.35:573][  0]LogMeshReduction: Using ProxyLODMeshReduction for automatic mesh merging
[2020.11.20-17.06.35:573][  0]LogMeshReduction: No distributed automatic mesh merging module available
[2020.11.20-17.06.35:573][  0]LogMeshMerging: No distributed automatic mesh merging module available
[2020.11.20-17.06.35:587][  0]LogNetVersion: UnrealCPP 1.0.0, NetCL: 13144385, EngineNetVer: 14, GameNetVer: 0 (Checksum: 2860707617)
[2020.11.20-17.06.36:057][  0]LogAISub: UAISubsystem::UAISubsystem AISubsystem (00000258BC25D840), frame # 0
[2020.11.20-17.06.36:057][  0]LogAISub: UAISubsystem::UAISubsystem AIPerceptionSystem (00000258BC1C0E00), frame # 0
[2020.11.20-17.06.36:058][  0]LogAISub: UAISubsystem::UAISubsystem EnvQueryManager (00000258BC1FDE00), frame # 0
[2020.11.20-17.06.36:110][  0]LogPackageLocalizationCache: Processed 19 localized package path(s) for 1 prioritized culture(s) in 0.043308 seconds
[2020.11.20-17.06.36:115][  0]LogUObjectArray: 15917 objects as part of root set at end of initial load.
[2020.11.20-17.06.36:115][  0]LogUObjectAllocator: 3965568 out of 0 bytes used by permanent object pool.
[2020.11.20-17.06.36:115][  0]LogUObjectArray: CloseDisregardForGC: 0/0 objects in disregard for GC pool
[2020.11.20-17.06.36:558][  0]LogTcpMessaging: Initializing TcpMessaging bridge
[2020.11.20-17.06.36:564][  0]LogUdpMessaging: Initializing bridge on interface 0.0.0.0:0 to multicast group 230.0.0.1:6666.
[2020.11.20-17.06.37:068][  0]SourceControl: Source control is disabled
[2020.11.20-17.06.37:068][  0]SourceControl: Source control is disabled
[2020.11.20-17.06.37:073][  0]SourceControl: Source control is disabled
[2020.11.20-17.06.37:077][  0]SourceControl: Source control is disabled
[2020.11.20-17.06.37:085][  0]SourceControl: Source control is disabled
[2020.11.20-17.06.37:379][  0]LogAndroidPermission: UAndroidPermissionCallbackProxy::GetInstance
[2020.11.20-17.06.37:402][  0]LogAudioCaptureCore: Display: No Audio Capture implementations found. Audio input will be silent.
[2020.11.20-17.06.37:402][  0]LogAudioCaptureCore: Display: No Audio Capture implementations found. Audio input will be silent.
[2020.11.20-17.06.37:457][  0]LogOcInput: OculusInput pre-init called
[2020.11.20-17.06.37:470][  0]LogWindows: Failed to load 'OVRPlugin.dll' (GetLastError=126)
[2020.11.20-17.06.37:470][  0]LogWindows: File 'OVRPlugin.dll' does not exist
[2020.11.20-17.06.37:541][  0]LogEngine: Initializing Engine...
[2020.11.20-17.06.37:541][  0]LogHMD: Failed to initialize OpenVR with code 110
[2020.11.20-17.06.37:541][  0]LogMagicLeap: Warning: VR disabled because ZI is not enabled.  To enable, in the editor, Edit -> Project Settings -> Plugins -> Magic Leap Plugin -> Enable Zero Iteration
[2020.11.20-17.06.37:543][  0]LogStats: UGameplayTagsManager::InitializeManager -  0.000 s
[2020.11.20-17.06.37:651][  0]LogInit: Initializing FReadOnlyCVARCache
[2020.11.20-17.06.37:660][  0]LogAIModule: Creating AISystem for world Untitled
[2020.11.20-17.06.37:660][  0]LogAISub: UAISubsystem::UAISubsystem EnvQueryManager (00000258C2DECA00), frame # 0
[2020.11.20-17.06.37:660][  0]LogAISub: UAISubsystem::UAISubsystem AIPerceptionSystem (00000258C2DB3B00), frame # 0
[2020.11.20-17.06.37:720][  0]LogAudioMixer: Display: Audio Mixer Platform Settings:
[2020.11.20-17.06.37:720][  0]LogAudioMixer: Display: 	Sample Rate:						  48000
[2020.11.20-17.06.37:720][  0]LogAudioMixer: Display: 	Callback Buffer Frame Size Requested: 1024
[2020.11.20-17.06.37:720][  0]LogAudioMixer: Display: 	Callback Buffer Frame Size To Use:	  1024
[2020.11.20-17.06.37:720][  0]LogAudioMixer: Display: 	Number of buffers to queue:			  2
[2020.11.20-17.06.37:720][  0]LogAudioMixer: Display: 	Max Channels (voices):				  32
[2020.11.20-17.06.37:720][  0]LogAudioMixer: Display: 	Number of Async Source Workers:		  0
[2020.11.20-17.06.37:720][  0]LogAudio: Display: AudioDevice MaxSources: 32
[2020.11.20-17.06.37:720][  0]LogAudio: Display: Using built-in audio occlusion.
[2020.11.20-17.06.37:720][  0]LogAudioMixer: Display: Initializing audio mixer.
[2020.11.20-17.06.37:738][  0]LogAudioMixer: Display: 0: FrontLeft
[2020.11.20-17.06.37:738][  0]LogAudioMixer: Display: 1: FrontRight
[2020.11.20-17.06.37:767][  0]LogAudioMixer: Display: Using Audio Device Haut-parleurs (SteelSeries SC2 USB Headset)
[2020.11.20-17.06.37:770][  0]LogAudioMixer: Display: Initializing Sound Submixes...
[2020.11.20-17.06.37:773][  0]LogAudioMixer: Display: Creating Master Submix 'MasterSubmixDefault'
[2020.11.20-17.06.37:773][  0]LogAudioMixer: Display: Creating Master Submix 'MasterReverbSubmixDefault'
[2020.11.20-17.06.37:774][  0]LogAudioMixer: Display: Creating Master Submix 'MasterEQSubmixDefault'
[2020.11.20-17.06.37:774][  0]LogInit: FAudioDevice initialized.
[2020.11.20-17.06.37:775][  0]LogNetVersion: Set ProjectVersion to 1.0.0.0. Version Checksum will be recalculated on next use.
[2020.11.20-17.06.37:817][  0]LogDerivedDataCache: Saved boot cache 0.04s 79MB C:/Users/alexi/AppData/Local/UnrealEngine/4.25/DerivedDataCache/Boot.ddc.
[2020.11.20-17.06.37:822][  0]LogInit: Texture streaming: Enabled
[2020.11.20-17.06.37:840][  0]LogEngineSessionManager: EngineSessionManager initialized
[2020.11.20-17.06.37:840][  0]LogEditorSessionSummary: Verbose: Initializing EditorSessionSummaryWriter for editor session tracking
[2020.11.20-17.06.37:842][  0]LogEditorSessionSummary: EditorSessionSummaryWriter initialized
[2020.11.20-17.06.37:905][  0]LogInit: Transaction tracking system initialized
[2020.11.20-17.06.37:933][  0]BlueprintLog: New page: Editor Load
[2020.11.20-17.06.38:026][  0]LocalizationService: Localization service is disabled
[2020.11.20-17.06.38:213][  0]LogCook: Display: Max memory allowance for cook 16384mb min free memory 0mb
[2020.11.20-17.06.38:213][  0]LogCook: Display: Mobile HDR setting 1
[2020.11.20-17.06.38:368][  0]LogFileCache: Scanning file cache for directory 'D:/IIM/4 Annee/Unreal/UnrealCPP/UnrealCPP/Content/' took 0.00s
[2020.11.20-17.06.38:579][  0]SourceControl: Source control is disabled
[2020.11.20-17.06.38:579][  0]LogUnrealEdMisc: Loading editor; pre map load, took 13.887
[2020.11.20-17.06.38:579][  0]Cmd: MAP LOAD FILE="D:/IIM/4 Annee/Unreal/UnrealCPP/UnrealCPP/Content/ThirdPersonCPP/Maps/ThirdPersonExampleMap.umap" TEMPLATE=0 SHOWPROGRESS=1 FEATURELEVEL=3
[2020.11.20-17.06.38:604][  0]LightingResults: New page: Lighting Build
[2020.11.20-17.06.38:606][  0]LogWorld: UWorld::CleanupWorld for Untitled, bSessionEnded=true, bCleanupResources=true
[2020.11.20-17.06.38:606][  0]LogSlate: InvalidateAllWidgets triggered.  All widgets were invalidated
[2020.11.20-17.06.38:606][  0]MapCheck: New page: Map Check
[2020.11.20-17.06.38:606][  0]LightingResults: New page: Lighting Build
[2020.11.20-17.06.38:617][  0]LogAISub: UAISubsystem::~UAISubsystem EnvQueryManager (00000258C2DECA00), frame # 0
[2020.11.20-17.06.38:617][  0]LogAISub: UAISubsystem::~UAISubsystem AIPerceptionSystem (00000258C2DB3B00), frame # 0
[2020.11.20-17.06.38:618][  0]LogUObjectHash: Compacting FUObjectHashTables data took   0.80ms
[2020.11.20-17.06.38:950][  0]LogAIModule: Creating AISystem for world ThirdPersonExampleMap
[2020.11.20-17.06.38:950][  0]LogAISub: UAISubsystem::UAISubsystem EnvQueryManager (00000258B6FDBE00), frame # 0
[2020.11.20-17.06.38:950][  0]LogAISub: UAISubsystem::UAISubsystem AIPerceptionSystem (00000258C2A2EAC0), frame # 0
[2020.11.20-17.06.38:974][  0]LogStreaming: Display: ULevelStreaming::RequestLevel(/Game/ThirdPersonCPP/Maps/Room1) is flushing async loading
[2020.11.20-17.06.38:975][  0]LogStreaming: Display: Flushing async loaders.
[2020.11.20-17.06.38:998][  0]LogStreaming: Display: ULevelStreaming::RequestLevel(/Game/ThirdPersonCPP/Maps/Room2) is flushing async loading
[2020.11.20-17.06.39:038][  0]LogStreaming: Display: ULevelStreaming::RequestLevel(/Game/ThirdPersonCPP/Maps/Room3) is flushing async loading
[2020.11.20-17.06.39:055][  0]LogStreaming: Display: ULevelStreaming::RequestLevel(/Game/ThirdPersonCPP/Maps/Room4) is flushing async loading
[2020.11.20-17.06.39:059][  0]LogStreaming: Display: ULevelStreaming::RequestLevel(/Game/ThirdPersonCPP/Maps/Room5) is flushing async loading
[2020.11.20-17.06.39:063][  0]LogStreaming: Display: ULevelStreaming::RequestLevel(/Game/ThirdPersonCPP/Maps/Room6) is flushing async loading
[2020.11.20-17.06.39:076][  0]LogEditorServer: Finished looking for orphan Actors (0.000 secs)
[2020.11.20-17.06.39:088][  0]LogUObjectHash: Compacting FUObjectHashTables data took   0.68ms
[2020.11.20-17.06.39:088][  0]Cmd: MAP CHECKDEP NOCLEARLOG
[2020.11.20-17.06.39:089][  0]MapCheck: Map check complete: 0 Error(s), 0 Warning(s), took 0,2ms to complete.
[2020.11.20-17.06.39:089][  0]LogFileHelpers: Loading map 'ThirdPersonExampleMap' took 0.509
[2020.11.20-17.06.39:091][  0]LogUnrealEdMisc: Total Editor Startup Time, took 14.399
[2020.11.20-17.06.39:219][  0]LogSlate: Updating window title bar state: overlay mode, drag disabled, window buttons hidden, title bar hidden
[2020.11.20-17.06.39:225][  0]LogSlate: Updating window title bar state: overlay mode, drag disabled, window buttons hidden, title bar hidden
[2020.11.20-17.06.39:231][  0]LogSlate: Updating window title bar state: overlay mode, drag disabled, window buttons hidden, title bar hidden
[2020.11.20-17.06.39:238][  0]LogSlate: Updating window title bar state: overlay mode, drag disabled, window buttons hidden, title bar hidden
[2020.11.20-17.06.39:245][  0]LogCollectionManager: Loaded 0 collections in 0.001612 seconds
[2020.11.20-17.06.39:260][  0]LogFileCache: Scanning file cache for directory 'D:/IIM/4 Annee/Unreal/UnrealCPP/UnrealCPP/Saved/Collections/' took 0.00s
[2020.11.20-17.06.39:260][  0]LogFileCache: Scanning file cache for directory 'D:/IIM/4 Annee/Unreal/UnrealCPP/UnrealCPP/Content/Developers/alexi/Collections/' took 0.00s
[2020.11.20-17.06.39:260][  0]LogFileCache: Scanning file cache for directory 'D:/IIM/4 Annee/Unreal/UnrealCPP/UnrealCPP/Content/Collections/' took 0.00s
[2020.11.20-17.06.39:260][  0]LogContentBrowser: Native class hierarchy populated in 0.0087 seconds. Added 3431 classes and 824 folders.
[2020.11.20-17.06.39:265][  0]LogContentBrowser: Native class hierarchy updated for 'WidgetCarousel' in 0.0003 seconds. Added 0 classes and 0 folders.
[2020.11.20-17.06.39:399][  0]LogContentBrowser: Native class hierarchy updated for 'AddContentDialog' in 0.0003 seconds. Added 0 classes and 0 folders.
[2020.11.20-17.06.39:408][  0]LogContentBrowser: Native class hierarchy updated for 'WorldBrowser' in 0.0003 seconds. Added 2 classes and 3 folders.
[2020.11.20-17.06.39:508][  0]LogSlate: Took 0.000654 seconds to synchronously load lazily loaded font '../../../Engine/Content/Slate/Fonts/Roboto-Regular.ttf' (155K)
[2020.11.20-17.06.39:513][  0]LogSlate: Took 0.000718 seconds to synchronously load lazily loaded font '../../../Engine/Content/Slate/Fonts/Roboto-Bold.ttf' (160K)
[2020.11.20-17.06.39:515][  0]LogSlate: Took 0.000633 seconds to synchronously load lazily loaded font '../../../Engine/Content/Editor/Slate/Fonts/FontAwesome.ttf' (139K)
[2020.11.20-17.06.39:574][  0]LogRenderer: Reallocating scene render targets to support 1032x572 Format 9 NumSamples 1 (Frame:1).
[2020.11.20-17.06.39:657][  0]LogContentBrowser: Native class hierarchy updated for 'HierarchicalLODOutliner' in 0.0003 seconds. Added 0 classes and 0 folders.
[2020.11.20-17.06.39:657][  0]LogLoad: (Engine Initialization) Total time: 14.97 seconds
[2020.11.20-17.06.39:657][  0]LogLoad: (Engine Initialization) Total Blueprint compile time: 0.00 seconds
[2020.11.20-17.06.39:706][  0]LogAssetRegistry: Asset discovery search completed in 4.4753 seconds
[2020.11.20-17.06.39:711][  0]LogCollectionManager: Fixed up redirectors for 0 collections in 0.000002 seconds (updated 0 objects)
[2020.11.20-17.06.39:712][  0]LogContentStreaming: Texture pool size now 800 MB
[2020.11.20-17.06.39:730][  0]LogSlate: Took 0.000645 seconds to synchronously load lazily loaded font '../../../Engine/Content/Slate/Fonts/Roboto-Light.ttf' (167K)
[2020.11.20-17.06.40:695][ 53]LogSlate: Took 0.000125 seconds to synchronously load lazily loaded font '../../../Engine/Content/Slate/Fonts/Roboto-Light.ttf' (167K)
[2020.11.20-17.06.43:527][217]LogAssetEditorSubsystem: Opening Asset editor for Material /Game/Materials/Paint_Mat.Paint_Mat
[2020.11.20-17.06.43:529][217]LogMaterial: Display: Missing cached shader map for material Paint_Mat, compiling. 
[2020.11.20-17.06.43:821][217]LogMaterial: Display: Missing cached shader map for material Paint_Mat, compiling. 
[2020.11.20-17.06.43:836][217]LogMaterial: Display: Missing cached shader map for material Paint_Mat, compiling. 
[2020.11.20-17.06.43:852][217]LogMaterial: Display: Missing cached shader map for material FMatExpressionPreview MaterialExpressionVectorParameter_0, compiling. 
[2020.11.20-17.06.43:856][217]LogShaderCompilers: Display: Worker (1/9): shaders left to compile 24
[2020.11.20-17.06.43:856][217]LogShaderCompilers: Display: Worker (2/9): shaders left to compile 23
[2020.11.20-17.06.43:856][217]LogShaderCompilers: Display: Worker (3/9): shaders left to compile 22
[2020.11.20-17.06.43:856][217]LogShaderCompilers: Display: Worker (4/9): shaders left to compile 21
[2020.11.20-17.06.43:856][217]LogShaderCompilers: Display: Worker (5/9): shaders left to compile 20
[2020.11.20-17.06.43:856][217]LogShaderCompilers: Display: Worker (6/9): shaders left to compile 19
[2020.11.20-17.06.43:856][217]LogShaderCompilers: Display: Worker (7/9): shaders left to compile 18
[2020.11.20-17.06.43:856][217]LogShaderCompilers: Display: Worker (8/9): shaders left to compile 17
[2020.11.20-17.06.43:856][217]LogMaterial: Display: Missing cached shader map for material FMatExpressionPreview MaterialExpressionTextureObject_0, compiling. 
[2020.11.20-17.06.43:914][217]LogSlate: Took 0.000702 seconds to synchronously load lazily loaded font '../../../Engine/Content/Slate/Fonts/Roboto-BoldCondensed.ttf' (158K)
[2020.11.20-17.06.44:018][218]LogSlate: Took 0.000939 seconds to synchronously load lazily loaded font '../../../Engine/Content/Slate/Fonts/Roboto-Italic.ttf' (157K)
[2020.11.20-17.06.44:593][236]LogShaderCompilers: Display: Worker (8/9): shaders left to compile 24
[2020.11.20-17.06.44:821][243]LogShaderCompilers: Display: Worker (2/9): shaders left to compile 23
[2020.11.20-17.06.44:865][245]LogShaderCompilers: Display: Worker (4/9): shaders left to compile 22
[2020.11.20-17.06.45:107][255]LogShaderCompilers: Display: Worker (6/9): shaders left to compile 21
[2020.11.20-17.06.45:205][259]LogShaderCompilers: Display: Worker (5/9): shaders left to compile 20
[2020.11.20-17.06.45:252][261]LogShaderCompilers: Display: Worker (7/9): shaders left to compile 19
[2020.11.20-17.06.45:315][264]LogShaderCompilers: Display: Worker (1/9): shaders left to compile 18
[2020.11.20-17.06.45:419][269]LogShaderCompilers: Display: Worker (4/9): shaders left to compile 17
[2020.11.20-17.06.45:609][276]LogShaderCompilers: Display: Worker (7/9): shaders left to compile 16
[2020.11.20-17.06.45:660][278]LogShaderCompilers: Display: Worker (8/9): shaders left to compile 15
[2020.11.20-17.06.45:660][278]LogShaderCompilers: Display: Worker (2/9): shaders left to compile 14
[2020.11.20-17.06.45:828][284]LogShaderCompilers: Display: Worker (3/9): shaders left to compile 13
[2020.11.20-17.06.46:150][295]LogShaderCompilers: Display: Worker (6/9): shaders left to compile 12
[2020.11.20-17.06.46:248][299]LogShaderCompilers: Display: Worker (5/9): shaders left to compile 11
[2020.11.20-17.06.46:698][303]LogShaderCompilers: Display: Worker (5/9): shaders left to compile 10
[2020.11.20-17.06.46:698][303]LogShaderCompilers: Display: Worker (2/9): shaders left to compile 9
[2020.11.20-17.06.46:803][306]LogShaderCompilers: Display: Worker (8/9): shaders left to compile 8
[2020.11.20-17.06.47:038][317]LogShaderCompilers: Display: Worker (7/9): shaders left to compile 7
[2020.11.20-17.06.47:065][318]LogShaderCompilers: Display: Worker (1/9): shaders left to compile 6
[2020.11.20-17.06.47:165][321]LogShaderCompilers: Display: Worker (3/9): shaders left to compile 5
[2020.11.20-17.06.47:261][327]LogShaderCompilers: Display: Worker (4/9): shaders left to compile 4
[2020.11.20-17.06.47:330][331]LogShaderCompilers: Display: Worker (6/9): shaders left to compile 3
[2020.11.20-17.06.47:487][340]LogSlate: Window 'Paint_Mat' being destroyed
[2020.11.20-17.06.47:502][341]LogShaderCompilers: Display: Worker (8/9): shaders left to compile 2
[2020.11.20-17.06.47:545][344]LogShaderCompilers: Display: Worker (5/9): shaders left to compile 1
[2020.11.20-17.06.48:057][374]MaterialEditorStats: Base pass shader: 87 instructions
[2020.11.20-17.06.48:057][374]MaterialEditorStats: Base pass shader with Volumetric Lightmap: 114 instructions
[2020.11.20-17.06.48:057][374]MaterialEditorStats: Base pass vertex shader: 169 instructions
[2020.11.20-17.06.48:057][374]MaterialEditorStats: Texture samplers: 4/16
[2020.11.20-17.06.48:057][374]MaterialEditorStats: Texture Lookups (Est.): VS(0), PS(2)
[2020.11.20-17.06.48:057][374]MaterialEditorStats: User interpolators: 2/4 Scalars (1/4 Vectors) (TexCoords: 2, Custom: 0)
[2020.11.20-17.06.48:061][374]LogSlate: Took 0.000705 seconds to synchronously load lazily loaded font '../../../Engine/Content/Slate/Fonts/DroidSansMono.ttf' (77K)
[2020.11.20-17.10.32:197][576]LogTemp: Repeating last play command: Selected Viewport
[2020.11.20-17.10.32:214][576]LogPlayLevel: PlayLevel: No blueprints needed recompiling
[2020.11.20-17.10.32:215][576]PIE: New page: PIE session: ThirdPersonExampleMap (20 nov. 2020 à 19:10:32)
[2020.11.20-17.10.32:217][576]LogOnline: OSS: Creating online subsystem instance for: NULL
[2020.11.20-17.10.32:218][576]LogOnline: OSS: TryLoadSubsystemAndSetDefault: Loaded subsystem for module [NULL]
[2020.11.20-17.10.32:218][576]LogPlayLevel: Creating play world package: /Game/ThirdPersonCPP/Maps/UEDPIE_0_ThirdPersonExampleMap
[2020.11.20-17.10.32:232][576]LogPlayLevel: PIE: StaticDuplicateObject took: (0.014225s)
[2020.11.20-17.10.32:233][576]LogAIModule: Creating AISystem for world ThirdPersonExampleMap
[2020.11.20-17.10.32:233][576]LogAISub: UAISubsystem::UAISubsystem EnvQueryManager (0000025907F69800), frame # 2576
[2020.11.20-17.10.32:233][576]LogAISub: UAISubsystem::UAISubsystem AIPerceptionSystem (0000025907F59580), frame # 2576
[2020.11.20-17.10.32:234][576]LogPlayLevel: PIE: World Init took: (0.001114s)
[2020.11.20-17.10.32:234][576]LogPlayLevel: PIE: Created PIE world by copying editor world from /Game/ThirdPersonCPP/Maps/ThirdPersonExampleMap.ThirdPersonExampleMap to /Game/ThirdPersonCPP/Maps/UEDPIE_0_ThirdPersonExampleMap.ThirdPersonExampleMap (0.015503s)
[2020.11.20-17.10.32:252][576]LogUObjectHash: Compacting FUObjectHashTables data took   0.61ms
[2020.11.20-17.10.32:254][576]LogAudioMixer: Display: Audio Mixer Platform Settings:
[2020.11.20-17.10.32:254][576]LogAudioMixer: Display: 	Sample Rate:						  48000
[2020.11.20-17.10.32:255][576]LogAudioMixer: Display: 	Callback Buffer Frame Size Requested: 1024
[2020.11.20-17.10.32:255][576]LogAudioMixer: Display: 	Callback Buffer Frame Size To Use:	  1024
[2020.11.20-17.10.32:255][576]LogAudioMixer: Display: 	Number of buffers to queue:			  2
[2020.11.20-17.10.32:255][576]LogAudioMixer: Display: 	Max Channels (voices):				  32
[2020.11.20-17.10.32:255][576]LogAudioMixer: Display: 	Number of Async Source Workers:		  0
[2020.11.20-17.10.32:255][576]LogAudio: Display: AudioDevice MaxSources: 32
[2020.11.20-17.10.32:255][576]LogAudio: Display: Using built-in audio occlusion.
[2020.11.20-17.10.32:255][576]LogAudioMixer: Display: Initializing audio mixer.
[2020.11.20-17.10.32:258][576]LogAudioMixer: Display: 0: FrontLeft
[2020.11.20-17.10.32:258][576]LogAudioMixer: Display: 1: FrontRight
[2020.11.20-17.10.32:274][576]LogAudioMixer: Display: Using Audio Device Haut-parleurs (SteelSeries SC2 USB Headset)
[2020.11.20-17.10.32:274][576]LogAudioMixer: Display: Initializing Sound Submixes...
[2020.11.20-17.10.32:274][576]LogAudioMixer: Display: Creating Master Submix 'MasterSubmixDefault'
[2020.11.20-17.10.32:274][576]LogAudioMixer: Display: Creating Master Submix 'MasterReverbSubmixDefault'
[2020.11.20-17.10.32:275][576]LogAudioMixer: Display: Creating Master Submix 'MasterEQSubmixDefault'
[2020.11.20-17.10.32:286][576]LogInit: FAudioDevice initialized.
[2020.11.20-17.10.32:296][576]LogLoad: Game class is 'UnrealCPPGameMode'
[2020.11.20-17.10.32:298][576]LogWorld: Bringing World /Game/ThirdPersonCPP/Maps/UEDPIE_0_ThirdPersonExampleMap.ThirdPersonExampleMap up for play (max tick rate 60) at 2020.11.20-18.10.32
[2020.11.20-17.10.32:298][576]LogWorld: Bringing up level for play took: 0.001014
[2020.11.20-17.10.32:298][576]LogOnline: OSS: Creating online subsystem instance for: :Context_3
[2020.11.20-17.10.32:301][576]LogContentBrowser: Native class hierarchy updated for 'MovieSceneCapture' in 0.0004 seconds. Added 20 classes and 0 folders.
[2020.11.20-17.10.32:303][576]PIE: Server logged in
[2020.11.20-17.10.32:305][576]PIE: Play in editor total start time 0,092 seconds.
[2020.11.20-17.10.33:546][647]LogTemp: Warning: I am shooting
[2020.11.20-17.10.33:729][658]LogTemp: Warning: Projectile Collided
[2020.11.20-17.10.33:845][665]LogLevel: ActivateLevel /Game/ThirdPersonCPP/Maps/UEDPIE_0_Room1 1 1 0
[2020.11.20-17.10.34:562][708]LogLevel: ActivateLevel /Game/ThirdPersonCPP/Maps/UEDPIE_0_Room1 0 0 0
[2020.11.20-17.10.34:590][709]LogUObjectHash: Compacting FUObjectHashTables data took   0.79ms
[2020.11.20-17.10.35:049][737]LogTemp: Warning: I am shooting
[2020.11.20-17.10.35:131][742]LogTemp: Warning: Projectile Collided
[2020.11.20-17.10.35:749][779]LogTemp: Warning: I am shooting
[2020.11.20-17.10.35:751][779]LogTemp: Warning: Projectile Collided
[2020.11.20-17.10.36:766][840]LogTemp: Warning: I am shooting
[2020.11.20-17.10.36:767][840]LogTemp: Warning: Projectile Collided
[2020.11.20-17.10.37:399][878]LogTemp: Warning: I am shooting
[2020.11.20-17.10.37:432][880]LogTemp: Warning: Projectile Collided
[2020.11.20-17.10.37:666][894]LogLevel: ActivateLevel /Game/ThirdPersonCPP/Maps/UEDPIE_0_Room1 1 1 0
[2020.11.20-17.10.37:840][904]LogTemp: Warning: I am shooting
[2020.11.20-17.10.37:841][904]LogTemp: Warning: Projectile Collided
[2020.11.20-17.10.38:173][924]LogTemp: Warning: I am shooting
[2020.11.20-17.10.38:175][924]LogTemp: Warning: Projectile Collided
[2020.11.20-17.10.38:430][939]LogTemp: Warning: I am shooting
[2020.11.20-17.10.38:431][939]LogTemp: Warning: Projectile Collided
[2020.11.20-17.10.38:649][952]LogTemp: Warning: I am shooting
[2020.11.20-17.10.38:650][952]LogTemp: Warning: Projectile Collided
[2020.11.20-17.10.38:849][964]LogTemp: Warning: I am shooting
[2020.11.20-17.10.38:850][964]LogTemp: Warning: Projectile Collided
[2020.11.20-17.10.39:048][976]LogTemp: Warning: I am shooting
[2020.11.20-17.10.39:115][980]LogTemp: Warning: Projectile Collided
[2020.11.20-17.10.39:249][988]LogTemp: Warning: I am shooting
[2020.11.20-17.10.39:314][992]LogTemp: Warning: Projectile Collided
[2020.11.20-17.10.39:432][999]LogTemp: Warning: I am shooting
[2020.11.20-17.10.39:433][999]LogTemp: Warning: Projectile Collided
[2020.11.20-17.10.41:649][132]LogTemp: Warning: I am shooting
[2020.11.20-17.10.42:150][162]LogTemp: Warning: Projectile Collided
[2020.11.20-17.10.42:501][183]LogTemp: Warning: I am shooting
[2020.11.20-17.10.42:984][212]LogTemp: Warning: Projectile Collided
[2020.11.20-17.10.45:185][344]LogTemp: Warning: I am shooting
[2020.11.20-17.10.45:186][344]LogTemp: Warning: Projectile Collided
[2020.11.20-17.10.46:252][408]LogTemp: Warning: I am shooting
[2020.11.20-17.10.46:253][408]LogTemp: Warning: Projectile Collided
[2020.11.20-17.10.47:302][471]LogTemp: Warning: I am shooting
[2020.11.20-17.10.47:303][471]LogTemp: Warning: Projectile Collided
[2020.11.20-17.10.47:719][496]LogTemp: Warning: I am shooting
[2020.11.20-17.10.47:720][496]LogTemp: Warning: Projectile Collided
[2020.11.20-17.10.48:588][548]LogTemp: Warning: I am shooting
[2020.11.20-17.10.48:689][554]LogTemp: Warning: Projectile Collided
[2020.11.20-17.10.49:572][607]LogTemp: Warning: I am shooting
[2020.11.20-17.10.49:588][608]LogTemp: Warning: Projectile Collided
[2020.11.20-17.10.50:471][661]LogTemp: Warning: I am shooting
[2020.11.20-17.10.50:704][675]LogTemp: Warning: Projectile Collided
[2020.11.20-17.10.51:406][717]LogTemp: Warning: I am shooting
[2020.11.20-17.10.51:671][733]LogTemp: Warning: Projectile Collided
[2020.11.20-17.10.53:961][870]LogTemp: Warning: I am shooting
[2020.11.20-17.10.54:144][881]LogTemp: Warning: Projectile Collided
[2020.11.20-17.10.54:378][895]LogTemp: Warning: I am shooting
[2020.11.20-17.10.54:544][905]LogTemp: Warning: Projectile Collided
[2020.11.20-17.10.54:628][910]LogTemp: Warning: I am shooting
[2020.11.20-17.10.54:794][920]LogTemp: Warning: Projectile Collided
[2020.11.20-17.10.54:861][924]LogTemp: Warning: I am shooting
[2020.11.20-17.10.55:044][935]LogTemp: Warning: I am shooting
[2020.11.20-17.10.55:045][935]LogTemp: Warning: Projectile Collided
[2020.11.20-17.10.55:227][946]LogTemp: Warning: Projectile Collided
[2020.11.20-17.10.55:244][947]LogTemp: Warning: I am shooting
[2020.11.20-17.10.55:428][958]LogTemp: Warning: I am shooting
[2020.11.20-17.10.55:428][958]LogTemp: Warning: Projectile Collided
[2020.11.20-17.10.55:612][969]LogTemp: Warning: I am shooting
[2020.11.20-17.10.55:613][969]LogTemp: Warning: Projectile Collided
[2020.11.20-17.10.55:779][979]LogTemp: Warning: I am shooting
[2020.11.20-17.10.55:811][981]LogTemp: Warning: Projectile Collided
[2020.11.20-17.10.55:977][991]LogTemp: Warning: Projectile Collided
[2020.11.20-17.10.56:010][993]LogTemp: Warning: I am shooting
[2020.11.20-17.10.56:177][  3]LogTemp: Warning: I am shooting
[2020.11.20-17.10.56:260][  8]LogTemp: Warning: Projectile Collided
[2020.11.20-17.10.56:361][ 14]LogTemp: Warning: I am shooting
[2020.11.20-17.10.56:427][ 18]LogTemp: Warning: Projectile Collided
[2020.11.20-17.10.56:612][ 29]LogTemp: Warning: Projectile Collided
[2020.11.20-17.10.56:727][ 36]LogTemp: Warning: I am shooting
[2020.11.20-17.10.56:946][ 49]LogTemp: Warning: I am shooting
[2020.11.20-17.10.56:978][ 51]LogTemp: Warning: Projectile Collided
[2020.11.20-17.10.57:147][ 61]LogTemp: Warning: I am shooting
[2020.11.20-17.10.57:148][ 61]LogTemp: Warning: Projectile Collided
[2020.11.20-17.10.57:347][ 73]LogTemp: Warning: I am shooting
[2020.11.20-17.10.57:349][ 73]LogTemp: Warning: Projectile Collided
[2020.11.20-17.10.57:512][ 83]LogTemp: Warning: I am shooting
[2020.11.20-17.10.57:696][ 94]LogTemp: Warning: I am shooting
[2020.11.20-17.10.57:711][ 95]LogTemp: Warning: Projectile Collided
[2020.11.20-17.10.57:877][105]LogTemp: Warning: Projectile Collided
[2020.11.20-17.10.57:878][105]LogTemp: Warning: Projectile Collided
[2020.11.20-17.11.01:345][311]LogSlate: Updating window title bar state: overlay mode, drag disabled, window buttons hidden, title bar hidden
[2020.11.20-17.11.01:345][311]LogWorld: BeginTearingDown for /Game/ThirdPersonCPP/Maps/UEDPIE_0_ThirdPersonExampleMap
[2020.11.20-17.11.01:345][311]LogWorld: UWorld::CleanupWorld for ThirdPersonExampleMap, bSessionEnded=true, bCleanupResources=true
[2020.11.20-17.11.01:346][311]LogSlate: InvalidateAllWidgets triggered.  All widgets were invalidated
[2020.11.20-17.11.01:357][311]LogPlayLevel: Display: Shutting down PIE online subsystems
[2020.11.20-17.11.01:358][311]LogSlate: InvalidateAllWidgets triggered.  All widgets were invalidated
[2020.11.20-17.11.01:383][311]LogSlate: Updating window title bar state: overlay mode, drag disabled, window buttons hidden, title bar hidden
[2020.11.20-17.11.01:387][311]LogAISub: UAISubsystem::~UAISubsystem EnvQueryManager (0000025907F69800), frame # 4311
[2020.11.20-17.11.01:387][311]LogAISub: UAISubsystem::~UAISubsystem AIPerceptionSystem (0000025907F59580), frame # 4311
[2020.11.20-17.11.01:388][311]LogUObjectHash: Compacting FUObjectHashTables data took   0.55ms
[2020.11.20-17.11.01:422][312]LogPlayLevel: Display: Destroying online subsystem :Context_3
[2020.11.20-17.11.01:434][312]LogUObjectHash: Compacting FUObjectHashTables data took   0.53ms
